Using pre-set license
Built from '2020.3/release' branch; Version is '2020.3.15f2 (6cf78cb77498) revision 7141260'; Using compiler version '192528614'; Build Type 'Release'
OS: 'Windows 10 Home; OS build 19043.1526; Version 2009; 64bit' Language: 'ko' Physical Memory: 8126 MB
BatchMode: 1, IsHumanControllingUs: 0, StartBugReporterOnCrash: 0, Is64bit: 1, IsPro: 0

 COMMAND LINE ARGUMENTS:
C:\Program Files\Unity\Hub\Editor\2020.3.15f2\Editor\Unity.exe
-adb2
-batchMode
-noUpm
-name
AssetImportWorker0
-projectPath
C:/Users/A-11/Documents/GitHub/atents/3D_PuzzleEscape
-logFile
Logs/AssetImportWorker0.log
-srvPort
56187
Successfully changed project path to: C:/Users/A-11/Documents/GitHub/atents/3D_PuzzleEscape
C:/Users/A-11/Documents/GitHub/atents/3D_PuzzleEscape
Using Asset Import Pipeline V2.
Refreshing native plugins compatible for Editor in 52.56 ms, found 2 plugins.
Preloading 0 native plugins for Editor in 0.00 ms.
Initialize engine version: 2020.3.15f2 (6cf78cb77498)
[Subsystems] Discovering subsystems at path C:/Program Files/Unity/Hub/Editor/2020.3.15f2/Editor/Data/Resources/UnitySubsystems
[Subsystems] Discovering subsystems at path C:/Users/A-11/Documents/GitHub/atents/3D_PuzzleEscape/Assets
GfxDevice: creating device client; threaded=0
Direct3D:
    Version:  Direct3D 11.0 [level 11.0]
    Renderer: NVIDIA GeForce GTX 750 Ti (ID=0x1380)
    Vendor:   
    VRAM:     984 MB
    Driver:   27.21.14.5671
Initialize mono
Mono path[0] = 'C:/Program Files/Unity/Hub/Editor/2020.3.15f2/Editor/Data/Managed'
Mono path[1] = 'C:/Program Files/Unity/Hub/Editor/2020.3.15f2/Editor/Data/MonoBleedingEdge/lib/mono/unityjit'
Mono config path = 'C:/Program Files/Unity/Hub/Editor/2020.3.15f2/Editor/Data/MonoBleedingEdge/etc'
Using monoOptions --debugger-agent=transport=dt_socket,embedding=1,server=y,suspend=n,address=127.0.0.1:56920
Begin MonoManager ReloadAssembly
Registering precompiled unity dll's ...
Register platform support module: C:/Program Files/Unity/Hub/Editor/2020.3.15f2/Editor/Data/PlaybackEngines/WindowsStandaloneSupport/UnityEditor.WindowsStandalone.Extensions.dll
Registered in 0.008090 seconds.
Native extension for WindowsStandalone target not found
Refreshing native plugins compatible for Editor in 47.95 ms, found 2 plugins.
Preloading 0 native plugins for Editor in 0.00 ms.
Mono: successfully reloaded assembly
- Completed reload, in  5.512 seconds
Domain Reload Profiling:
	ReloadAssembly (5512ms)
		BeginReloadAssembly (144ms)
			ExecutionOrderSort (0ms)
			DisableScriptedObjects (0ms)
			BackupInstance (0ms)
			ReleaseScriptingObjects (0ms)
			CreateAndSetChildDomain (1ms)
		EndReloadAssembly (671ms)
			LoadAssemblies (137ms)
			RebuildTransferFunctionScriptingTraits (0ms)
			SetupTypeCache (231ms)
			ReleaseScriptCaches (0ms)
			RebuildScriptCaches (41ms)
			SetupLoadedEditorAssemblies (271ms)
				LogAssemblyErrors (0ms)
				InitializePlatformSupportModulesInManaged (6ms)
				SetLoadedEditorAssemblies (0ms)
				RefreshPlugins (48ms)
				BeforeProcessingInitializeOnLoad (24ms)
				ProcessInitializeOnLoadAttributes (148ms)
				ProcessInitializeOnLoadMethodAttributes (44ms)
				AfterProcessingInitializeOnLoad (0ms)
				EditorAssembliesLoaded (0ms)
			ExecutionOrderSort2 (0ms)
			AwakeInstancesAfterBackupRestoration (0ms)
Platform modules already initialized, skipping
Registering precompiled user dll's ...
Registered in 0.015287 seconds.
Begin MonoManager ReloadAssembly
Native extension for WindowsStandalone target not found
Refreshing native plugins compatible for Editor in 0.42 ms, found 2 plugins.
Preloading 0 native plugins for Editor in 0.00 ms.
Mono: successfully reloaded assembly
- Completed reload, in  1.839 seconds
Domain Reload Profiling:
	ReloadAssembly (1842ms)
		BeginReloadAssembly (276ms)
			ExecutionOrderSort (0ms)
			DisableScriptedObjects (7ms)
			BackupInstance (0ms)
			ReleaseScriptingObjects (0ms)
			CreateAndSetChildDomain (27ms)
		EndReloadAssembly (1441ms)
			LoadAssemblies (205ms)
			RebuildTransferFunctionScriptingTraits (0ms)
			SetupTypeCache (428ms)
			ReleaseScriptCaches (1ms)
			RebuildScriptCaches (66ms)
			SetupLoadedEditorAssemblies (655ms)
				LogAssemblyErrors (0ms)
				InitializePlatformSupportModulesInManaged (8ms)
				SetLoadedEditorAssemblies (1ms)
				RefreshPlugins (1ms)
				BeforeProcessingInitializeOnLoad (163ms)
				ProcessInitializeOnLoadAttributes (447ms)
				ProcessInitializeOnLoadMethodAttributes (7ms)
				AfterProcessingInitializeOnLoad (28ms)
				EditorAssembliesLoaded (0ms)
			ExecutionOrderSort2 (0ms)
			AwakeInstancesAfterBackupRestoration (9ms)
Platform modules already initialized, skipping
========================================================================
Worker process is ready to serve import requests
Launched and connected shader compiler UnityShaderCompiler.exe after 0.09 seconds
Refreshing native plugins compatible for Editor in 0.50 ms, found 2 plugins.
Preloading 0 native plugins for Editor in 0.00 ms.
Unloading 1563 Unused Serialized files (Serialized files now loaded: 0)
System memory in use before: 77.0 MB.
System memory in use after: 77.1 MB.

Unloading 18 unused Assets to reduce memory usage. Loaded Objects now: 2003.
Total: 3.940800 ms (FindLiveObjects: 0.221200 ms CreateObjectMapping: 0.121300 ms MarkObjects: 3.542000 ms  DeleteObjects: 0.054600 ms)

AssetImportParameters requested are different than current active one (requested -> active):
  custom:framework-win-MediaFoundation: 216162199b28c13a410421893ffa2e32 -> 
  custom:video-decoder-ogg-theora: a1e56fd34408186e4bbccfd4996cb3dc -> 
  custom:container-muxer-webm: aa71ff27fc2769a1b78a27578f13a17b -> 
  custom:container-demuxer-webm: 4f35f7cbe854078d1ac9338744f61a02 -> 
  custom:container-demuxer-ogg: 62fdf1f143b41e24485cea50d1cbac27 -> 
  custom:video-encoder-webm-vp8: eb34c28f22e8b96e1ab97ce403110664 -> 
  custom:video-decoder-webm-vp8: 9c59270c3fd7afecdb556c50c9e8de78 -> 
  custom:audio-decoder-ogg-vorbis: bf7c407c2cedff20999df2af8eb42d56 -> 
  custom:audio-encoder-webm-vorbis: bf7c407c2cedff20999df2af8eb42d56 -> 
========================================================================
Received Import Request.
  path: Assets/Resource/FreeLabAssets/Textures/Mana_Net.tga
  artifactKey: Guid(9722f513cefe64f74bdf375931311104) Importer(815301076,1909f56bfc062723c751e8b465ee728b)
Start importing Assets/Resource/FreeLabAssets/Textures/Mana_Net.tga using Guid(9722f513cefe64f74bdf375931311104) Importer(815301076,1909f56bfc062723c751e8b465ee728b)  -> (artifact id: '59649d53309383122fcf437d7352ecae') in 0.132261 seconds 
  Import took 0.136371 seconds .

========================================================================
Received Import Request.
  Time since last request: 0.000295 seconds.
  path: Assets/Resource/FreeLabAssets/Textures/Mana_Green.tga
  artifactKey: Guid(bc7b190aa39d2456bbd9b12873ba8fb2) Importer(815301076,1909f56bfc062723c751e8b465ee728b)
Start importing Assets/Resource/FreeLabAssets/Textures/Mana_Green.tga using Guid(bc7b190aa39d2456bbd9b12873ba8fb2) Importer(815301076,1909f56bfc062723c751e8b465ee728b)  -> (artifact id: '58b54d4bd10c69281d46c4dc5092faeb') in 0.020870 seconds 
  Import took 0.024752 seconds .

========================================================================
Received Import Request.
  Time since last request: 0.000315 seconds.
  path: Assets/Resource/FreeLabAssets/Textures/Mana_FX.tga
  artifactKey: Guid(cc1af833400504e3188b655b2a82f97b) Importer(815301076,1909f56bfc062723c751e8b465ee728b)
Start importing Assets/Resource/FreeLabAssets/Textures/Mana_FX.tga using Guid(cc1af833400504e3188b655b2a82f97b) Importer(815301076,1909f56bfc062723c751e8b465ee728b)  -> (artifact id: '4d83a0aa4faf1457ca31b3d34c1d8da6') in 0.014312 seconds 
  Import took 0.020109 seconds .

========================================================================
Received Import Request.
  Time since last request: 1.992948 seconds.
  path: Assets/Resource/FreeLabAssets/Materials/M_Liquid_Fail.mat
  artifactKey: Guid(326d1c77178e5c1469565856f95efb11) Importer(815301076,1909f56bfc062723c751e8b465ee728b)
Start importing Assets/Resource/FreeLabAssets/Materials/M_Liquid_Fail.mat using Guid(326d1c77178e5c1469565856f95efb11) Importer(815301076,1909f56bfc062723c751e8b465ee728b)  -> (artifact id: 'c6590e17716d62100083dab70707f1c1') in 0.107518 seconds 
  Import took 0.111122 seconds .

========================================================================
Received Import Request.
  Time since last request: 27.355955 seconds.
  path: Assets/Resource/FreeLabAssets/Materials/M_Liquid_Sucess.mat
  artifactKey: Guid(0fd2e98eeb2ffb546a0e7438ef1d6458) Importer(815301076,1909f56bfc062723c751e8b465ee728b)
Start importing Assets/Resource/FreeLabAssets/Materials/M_Liquid_Sucess.mat using Guid(0fd2e98eeb2ffb546a0e7438ef1d6458) Importer(815301076,1909f56bfc062723c751e8b465ee728b)  -> (artifact id: '8edb7fb590608b2b661a48d996a781a8') in 0.021038 seconds 
  Import took 0.024643 seconds .

========================================================================
Received Import Request.
  Time since last request: 6.014548 seconds.
  path: Assets/Resource/FreeLabAssets/Textures/Flask_01.tga
  artifactKey: Guid(f68d7052f7e96437cb9b2bb9f8572a34) Importer(815301076,1909f56bfc062723c751e8b465ee728b)
Start importing Assets/Resource/FreeLabAssets/Textures/Flask_01.tga using Guid(f68d7052f7e96437cb9b2bb9f8572a34) Importer(815301076,1909f56bfc062723c751e8b465ee728b)  -> (artifact id: '84e48f5c141d5c42ac48015b27578388') in 0.018190 seconds 
  Import took 0.024001 seconds .

========================================================================
Received Import Request.
  Time since last request: 0.000311 seconds.
  path: Assets/Resource/FreeLabAssets/Textures/Pipette_Mtl.tga
  artifactKey: Guid(01b3d826b57cd4958944b2d3f053126a) Importer(815301076,1909f56bfc062723c751e8b465ee728b)
Start importing Assets/Resource/FreeLabAssets/Textures/Pipette_Mtl.tga using Guid(01b3d826b57cd4958944b2d3f053126a) Importer(815301076,1909f56bfc062723c751e8b465ee728b)  -> (artifact id: '229d7075678d0e7c430004412effab93') in 0.014930 seconds 
  Import took 0.018141 seconds .

========================================================================
Received Import Request.
  Time since last request: 0.000260 seconds.
  path: Assets/Resource/FreeLabAssets/Textures/Pipette_Alb.tga
  artifactKey: Guid(8942adacda12f47e2a72969825774394) Importer(815301076,1909f56bfc062723c751e8b465ee728b)
Start importing Assets/Resource/FreeLabAssets/Textures/Pipette_Alb.tga using Guid(8942adacda12f47e2a72969825774394) Importer(815301076,1909f56bfc062723c751e8b465ee728b)  -> (artifact id: '9b97e4093ca3ea684f80f402cf8996cb') in 0.024688 seconds 
  Import took 0.028443 seconds .

========================================================================
Received Import Request.
  Time since last request: 0.000257 seconds.
  path: Assets/Resource/FreeLabAssets/Textures/SB_Glass_Mtl.tga
  artifactKey: Guid(593c47fa3dd924483b36b5132d03df2e) Importer(815301076,1909f56bfc062723c751e8b465ee728b)
Start importing Assets/Resource/FreeLabAssets/Textures/SB_Glass_Mtl.tga using Guid(593c47fa3dd924483b36b5132d03df2e) Importer(815301076,1909f56bfc062723c751e8b465ee728b)  -> (artifact id: '87c46ef112cd893c9622ddfc5a88c3cf') in 0.022894 seconds 
  Import took 0.026369 seconds .

========================================================================
Received Import Request.
  Time since last request: 0.000255 seconds.
  path: Assets/Resource/FreeLabAssets/Textures/Pipette_N.tga
  artifactKey: Guid(f253397bbf9164cfda87b08f7c0f6394) Importer(815301076,1909f56bfc062723c751e8b465ee728b)
Start importing Assets/Resource/FreeLabAssets/Textures/Pipette_N.tga using Guid(f253397bbf9164cfda87b08f7c0f6394) Importer(815301076,1909f56bfc062723c751e8b465ee728b)  -> (artifact id: '8baed36eda4c3b58ed1c5fdf324f814b') in 0.026687 seconds 
  Import took 0.030490 seconds .

========================================================================
Received Import Request.
  Time since last request: 0.000261 seconds.
  path: Assets/Resource/FreeLabAssets/Textures/Mana_Net 1.tga
  artifactKey: Guid(35f3fb32b80cef84086c4aa652cfb75e) Importer(815301076,1909f56bfc062723c751e8b465ee728b)
Start importing Assets/Resource/FreeLabAssets/Textures/Mana_Net 1.tga using Guid(35f3fb32b80cef84086c4aa652cfb75e) Importer(815301076,1909f56bfc062723c751e8b465ee728b)  -> (artifact id: 'fe7c745b78cb86759361de76551f94a2') in 0.029256 seconds 
  Import took 0.032480 seconds .

========================================================================
Received Import Request.
  Time since last request: 0.000212 seconds.
  path: Assets/Resource/FreeLabAssets/Textures/Pipette_Em.tga
  artifactKey: Guid(dbb91fe86a9de46fe935cf7068013117) Importer(815301076,1909f56bfc062723c751e8b465ee728b)
Start importing Assets/Resource/FreeLabAssets/Textures/Pipette_Em.tga using Guid(dbb91fe86a9de46fe935cf7068013117) Importer(815301076,1909f56bfc062723c751e8b465ee728b)  -> (artifact id: 'd9aa1f275a22ca53dcb5a4a214a19efc') in 0.023143 seconds 
  Import took 0.026498 seconds .

========================================================================
Received Import Request.
  Time since last request: 0.000257 seconds.
  path: Assets/Resource/FreeLabAssets/Textures/Flask_01.tga
  artifactKey: Guid(f68d7052f7e96437cb9b2bb9f8572a34) Importer(815301076,1909f56bfc062723c751e8b465ee728b)
Start importing Assets/Resource/FreeLabAssets/Textures/Flask_01.tga using Guid(f68d7052f7e96437cb9b2bb9f8572a34) Importer(815301076,1909f56bfc062723c751e8b465ee728b)  -> (artifact id: '84e48f5c141d5c42ac48015b27578388') in 0.016838 seconds 
  Import took 0.020478 seconds .

========================================================================
Received Import Request.
  Time since last request: 635.866932 seconds.
  path: Assets/Morgue Room PBR/Prefabs/props/cabinet.prefab
  artifactKey: Guid(b09e95949a2b3cf489baf6fd2307361e) Importer(815301076,1909f56bfc062723c751e8b465ee728b)
Start importing Assets/Morgue Room PBR/Prefabs/props/cabinet.prefab using Guid(b09e95949a2b3cf489baf6fd2307361e) Importer(815301076,1909f56bfc062723c751e8b465ee728b)  -> (artifact id: 'c71ead70497bd23f8b50bb8454591f85') in 0.062019 seconds 
  Import took 0.067130 seconds .

========================================================================
Received Import Request.
  Time since last request: 0.000265 seconds.
  path: Assets/Morgue Room PBR/Prefabs/props/corpse_drawer.prefab
  artifactKey: Guid(e8844f0074e08e146ac42fb5eaeab3db) Importer(815301076,1909f56bfc062723c751e8b465ee728b)
Start importing Assets/Morgue Room PBR/Prefabs/props/corpse_drawer.prefab using Guid(e8844f0074e08e146ac42fb5eaeab3db) Importer(815301076,1909f56bfc062723c751e8b465ee728b)  -> (artifact id: '627f9a42be39e308f823056547af15ac') in 0.054537 seconds 
  Import took 0.058386 seconds .

========================================================================
Received Import Request.
  Time since last request: 23.756190 seconds.
  path: Assets/Resource/Prefab/LabAssetsPrefab/Flask_03.prefab
  artifactKey: Guid(63bc87997658c4bcc8bc204d70a7ffd1) Importer(815301076,1909f56bfc062723c751e8b465ee728b)
Start importing Assets/Resource/Prefab/LabAssetsPrefab/Flask_03.prefab using Guid(63bc87997658c4bcc8bc204d70a7ffd1) Importer(815301076,1909f56bfc062723c751e8b465ee728b)  -> (artifact id: 'e0c0141b80d53958e85954cf803f5f52') in 0.025264 seconds 
  Import took 0.029960 seconds .

========================================================================
Received Import Request.
  Time since last request: 0.000257 seconds.
  path: Assets/Resource/Prefab/LabAssetsPrefab/Pipette.prefab
  artifactKey: Guid(a8c0ffcd92f66401780885a74ce3a767) Importer(815301076,1909f56bfc062723c751e8b465ee728b)
Start importing Assets/Resource/Prefab/LabAssetsPrefab/Pipette.prefab using Guid(a8c0ffcd92f66401780885a74ce3a767) Importer(815301076,1909f56bfc062723c751e8b465ee728b)  -> (artifact id: 'a172b3682bdc20f9922b6028f9536562') in 0.033202 seconds 
  Import took 0.037379 seconds .

========================================================================
Received Import Request.
  Time since last request: 331.289602 seconds.
  path: Assets/Resource/Prefab/LabAssetsPrefab/Flask_03.prefab
  artifactKey: Guid(63bc87997658c4bcc8bc204d70a7ffd1) Importer(815301076,1909f56bfc062723c751e8b465ee728b)
Start importing Assets/Resource/Prefab/LabAssetsPrefab/Flask_03.prefab using Guid(63bc87997658c4bcc8bc204d70a7ffd1) Importer(815301076,1909f56bfc062723c751e8b465ee728b)  -> (artifact id: '0ecc44d7b6269e812f0d4621c46fc29b') in 0.022201 seconds 
  Import took 0.027181 seconds .

========================================================================
Received Import Request.
  Time since last request: 3.807931 seconds.
  path: Assets/Resource/Prefab/LabAssetsPrefab/Flask_03.prefab
  artifactKey: Guid(63bc87997658c4bcc8bc204d70a7ffd1) Importer(815301076,1909f56bfc062723c751e8b465ee728b)
Start importing Assets/Resource/Prefab/LabAssetsPrefab/Flask_03.prefab using Guid(63bc87997658c4bcc8bc204d70a7ffd1) Importer(815301076,1909f56bfc062723c751e8b465ee728b)  -> (artifact id: '2f819bcb7a8e7eac4143605dd736dde1') in 0.018272 seconds 
  Import took 0.022851 seconds .

========================================================================
Received Import Request.
  Time since last request: 4.817106 seconds.
  path: Assets/Resource/Prefab/LabAssetsPrefab/Flask_03.prefab
  artifactKey: Guid(63bc87997658c4bcc8bc204d70a7ffd1) Importer(815301076,1909f56bfc062723c751e8b465ee728b)
Start importing Assets/Resource/Prefab/LabAssetsPrefab/Flask_03.prefab using Guid(63bc87997658c4bcc8bc204d70a7ffd1) Importer(815301076,1909f56bfc062723c751e8b465ee728b)  -> (artifact id: 'fd644cf61ae6a0ca757ea912bb657730') in 0.017992 seconds 
  Import took 0.022116 seconds .

========================================================================
Received Import Request.
  Time since last request: 9.794026 seconds.
  path: Assets/Resource/Prefab/LabAssetsPrefab/Flask_03.prefab
  artifactKey: Guid(63bc87997658c4bcc8bc204d70a7ffd1) Importer(815301076,1909f56bfc062723c751e8b465ee728b)
Start importing Assets/Resource/Prefab/LabAssetsPrefab/Flask_03.prefab using Guid(63bc87997658c4bcc8bc204d70a7ffd1) Importer(815301076,1909f56bfc062723c751e8b465ee728b)  -> (artifact id: '02f43a89544f155e73affc8235e5d596') in 0.021967 seconds 
  Import took 0.026383 seconds .

========================================================================
Received Import Request.
  Time since last request: 3.443097 seconds.
  path: Assets/Resource/Prefab/LabAssetsPrefab/Flask_03.prefab
  artifactKey: Guid(63bc87997658c4bcc8bc204d70a7ffd1) Importer(815301076,1909f56bfc062723c751e8b465ee728b)
Start importing Assets/Resource/Prefab/LabAssetsPrefab/Flask_03.prefab using Guid(63bc87997658c4bcc8bc204d70a7ffd1) Importer(815301076,1909f56bfc062723c751e8b465ee728b)  -> (artifact id: '4d1960cd9bdb281dc10ce1f7a0e26eb6') in 0.020612 seconds 
  Import took 0.025196 seconds .

========================================================================
Received Import Request.
  Time since last request: 37.375414 seconds.
  path: Assets/Resource/Prefab/LabAssetsPrefab/Flask_03.prefab
  artifactKey: Guid(63bc87997658c4bcc8bc204d70a7ffd1) Importer(815301076,1909f56bfc062723c751e8b465ee728b)
Start importing Assets/Resource/Prefab/LabAssetsPrefab/Flask_03.prefab using Guid(63bc87997658c4bcc8bc204d70a7ffd1) Importer(815301076,1909f56bfc062723c751e8b465ee728b)  -> (artifact id: 'eb1d6a2840ea5f38e3b44b35c76b30bb') in 0.016298 seconds 
  Import took 0.021224 seconds .

========================================================================
Received Import Request.
  Time since last request: 158.836525 seconds.
  path: Assets/Resource/Prefab/LabAssetsPrefab/Flask_03.prefab
  artifactKey: Guid(63bc87997658c4bcc8bc204d70a7ffd1) Importer(815301076,1909f56bfc062723c751e8b465ee728b)
Start importing Assets/Resource/Prefab/LabAssetsPrefab/Flask_03.prefab using Guid(63bc87997658c4bcc8bc204d70a7ffd1) Importer(815301076,1909f56bfc062723c751e8b465ee728b)  -> (artifact id: '5f3a95be089ed840c6aa621e763e53de') in 0.018109 seconds 
  Import took 0.022733 seconds .

========================================================================
Received Import Request.
  Time since last request: 3.234615 seconds.
  path: Assets/Resource/Prefab/LabAssetsPrefab/Flask_03.prefab
  artifactKey: Guid(63bc87997658c4bcc8bc204d70a7ffd1) Importer(815301076,1909f56bfc062723c751e8b465ee728b)
Start importing Assets/Resource/Prefab/LabAssetsPrefab/Flask_03.prefab using Guid(63bc87997658c4bcc8bc204d70a7ffd1) Importer(815301076,1909f56bfc062723c751e8b465ee728b)  -> (artifact id: 'd190273b76250a0e1f0460b4001febdc') in 0.018839 seconds 
  Import took 0.023413 seconds .

========================================================================
Received Import Request.
  Time since last request: 0.794943 seconds.
  path: Assets/Resource/Prefab/LabAssetsPrefab/Flask_03.prefab
  artifactKey: Guid(63bc87997658c4bcc8bc204d70a7ffd1) Importer(815301076,1909f56bfc062723c751e8b465ee728b)
Start importing Assets/Resource/Prefab/LabAssetsPrefab/Flask_03.prefab using Guid(63bc87997658c4bcc8bc204d70a7ffd1) Importer(815301076,1909f56bfc062723c751e8b465ee728b)  -> (artifact id: '8400e808a4d4df1f37f4cacc4281e56b') in 0.018193 seconds 
  Import took 0.022748 seconds .

========================================================================
Received Import Request.
  Time since last request: 0.405425 seconds.
  path: Assets/Resource/Prefab/LabAssetsPrefab/Flask_03.prefab
  artifactKey: Guid(63bc87997658c4bcc8bc204d70a7ffd1) Importer(815301076,1909f56bfc062723c751e8b465ee728b)
Start importing Assets/Resource/Prefab/LabAssetsPrefab/Flask_03.prefab using Guid(63bc87997658c4bcc8bc204d70a7ffd1) Importer(815301076,1909f56bfc062723c751e8b465ee728b)  -> (artifact id: '9d6057bddce88933ec253e23b5d8e6eb') in 0.018089 seconds 
  Import took 0.021929 seconds .

========================================================================
Received Import Request.
  Time since last request: 4.742202 seconds.
  path: Assets/Resource/Prefab/LabAssetsPrefab/Flask_03.prefab
  artifactKey: Guid(63bc87997658c4bcc8bc204d70a7ffd1) Importer(815301076,1909f56bfc062723c751e8b465ee728b)
Start importing Assets/Resource/Prefab/LabAssetsPrefab/Flask_03.prefab using Guid(63bc87997658c4bcc8bc204d70a7ffd1) Importer(815301076,1909f56bfc062723c751e8b465ee728b)  -> (artifact id: 'cfaf5ea2d0df2ed3a7b70caa6390b895') in 0.017154 seconds 
  Import took 0.021633 seconds .

========================================================================
Received Import Request.
  Time since last request: 9.646255 seconds.
  path: Assets/Resource/Prefab/LabAssetsPrefab/Flask_03.prefab
  artifactKey: Guid(63bc87997658c4bcc8bc204d70a7ffd1) Importer(815301076,1909f56bfc062723c751e8b465ee728b)
Start importing Assets/Resource/Prefab/LabAssetsPrefab/Flask_03.prefab using Guid(63bc87997658c4bcc8bc204d70a7ffd1) Importer(815301076,1909f56bfc062723c751e8b465ee728b)  -> (artifact id: '26aab90725521b376da6332a15ba6ee8') in 0.017173 seconds 
  Import took 0.020761 seconds .

========================================================================
Received Import Request.
  Time since last request: 5.827758 seconds.
  path: Assets/Resource/Prefab/LabAssetsPrefab/Flask_03.prefab
  artifactKey: Guid(63bc87997658c4bcc8bc204d70a7ffd1) Importer(815301076,1909f56bfc062723c751e8b465ee728b)
Start importing Assets/Resource/Prefab/LabAssetsPrefab/Flask_03.prefab using Guid(63bc87997658c4bcc8bc204d70a7ffd1) Importer(815301076,1909f56bfc062723c751e8b465ee728b)  -> (artifact id: '344f8806d4e116567296770063e7d86d') in 0.017975 seconds 
  Import took 0.021803 seconds .

========================================================================
Received Import Request.
  Time since last request: 0.583250 seconds.
  path: Assets/Resource/Prefab/LabAssetsPrefab/Flask_03.prefab
  artifactKey: Guid(63bc87997658c4bcc8bc204d70a7ffd1) Importer(815301076,1909f56bfc062723c751e8b465ee728b)
Start importing Assets/Resource/Prefab/LabAssetsPrefab/Flask_03.prefab using Guid(63bc87997658c4bcc8bc204d70a7ffd1) Importer(815301076,1909f56bfc062723c751e8b465ee728b)  -> (artifact id: 'fe32cc2f0955d65074414c960f0fc1e1') in 0.017903 seconds 
  Import took 0.021463 seconds .

========================================================================
Received Import Request.
  Time since last request: 0.385455 seconds.
  path: Assets/Resource/Prefab/LabAssetsPrefab/Flask_03.prefab
  artifactKey: Guid(63bc87997658c4bcc8bc204d70a7ffd1) Importer(815301076,1909f56bfc062723c751e8b465ee728b)
Start importing Assets/Resource/Prefab/LabAssetsPrefab/Flask_03.prefab using Guid(63bc87997658c4bcc8bc204d70a7ffd1) Importer(815301076,1909f56bfc062723c751e8b465ee728b)  -> (artifact id: '369e96786933bbe4f3a3fa6b38144416') in 0.017131 seconds 
  Import took 0.021622 seconds .

========================================================================
Received Import Request.
  Time since last request: 11.533627 seconds.
  path: Assets/Resource/Prefab/LabAssetsPrefab/Flask_03.prefab
  artifactKey: Guid(63bc87997658c4bcc8bc204d70a7ffd1) Importer(815301076,1909f56bfc062723c751e8b465ee728b)
Start importing Assets/Resource/Prefab/LabAssetsPrefab/Flask_03.prefab using Guid(63bc87997658c4bcc8bc204d70a7ffd1) Importer(815301076,1909f56bfc062723c751e8b465ee728b)  -> (artifact id: 'f231ee942c38100af3385f7319563806') in 0.023552 seconds 
  Import took 0.027987 seconds .

========================================================================
Received Import Request.
  Time since last request: 2.461653 seconds.
  path: Assets/Resource/Prefab/LabAssetsPrefab/Flask_03.prefab
  artifactKey: Guid(63bc87997658c4bcc8bc204d70a7ffd1) Importer(815301076,1909f56bfc062723c751e8b465ee728b)
Start importing Assets/Resource/Prefab/LabAssetsPrefab/Flask_03.prefab using Guid(63bc87997658c4bcc8bc204d70a7ffd1) Importer(815301076,1909f56bfc062723c751e8b465ee728b)  -> (artifact id: '2e2807e62b848016a40dd7377092e721') in 0.018586 seconds 
  Import took 0.022849 seconds .

========================================================================
Received Import Request.
  Time since last request: 1.416800 seconds.
  path: Assets/Resource/Prefab/LabAssetsPrefab/Flask_03.prefab
  artifactKey: Guid(63bc87997658c4bcc8bc204d70a7ffd1) Importer(815301076,1909f56bfc062723c751e8b465ee728b)
Start importing Assets/Resource/Prefab/LabAssetsPrefab/Flask_03.prefab using Guid(63bc87997658c4bcc8bc204d70a7ffd1) Importer(815301076,1909f56bfc062723c751e8b465ee728b)  -> (artifact id: '4a7c90141219617f9dbf3af7bead34f6') in 0.019609 seconds 
  Import took 0.023332 seconds .

========================================================================
Received Import Request.
  Time since last request: 0.133110 seconds.
  path: Assets/Resource/Prefab/LabAssetsPrefab/Flask_03.prefab
  artifactKey: Guid(63bc87997658c4bcc8bc204d70a7ffd1) Importer(815301076,1909f56bfc062723c751e8b465ee728b)
Start importing Assets/Resource/Prefab/LabAssetsPrefab/Flask_03.prefab using Guid(63bc87997658c4bcc8bc204d70a7ffd1) Importer(815301076,1909f56bfc062723c751e8b465ee728b)  -> (artifact id: 'a966191114e94882037a61c448d8fe91') in 0.022158 seconds 
  Import took 0.028209 seconds .

========================================================================
Received Import Request.
  Time since last request: 4.674135 seconds.
  path: Assets/Resource/Prefab/LabAssetsPrefab/Flask_03.prefab
  artifactKey: Guid(63bc87997658c4bcc8bc204d70a7ffd1) Importer(815301076,1909f56bfc062723c751e8b465ee728b)
Start importing Assets/Resource/Prefab/LabAssetsPrefab/Flask_03.prefab using Guid(63bc87997658c4bcc8bc204d70a7ffd1) Importer(815301076,1909f56bfc062723c751e8b465ee728b)  -> (artifact id: '9c128d6a9aca505b13aa61bc92cb9400') in 0.020210 seconds 
  Import took 0.024406 seconds .

========================================================================
Received Import Request.
  Time since last request: 14.753332 seconds.
  path: Assets/Resource/Prefab/LabAssetsPrefab/Flask_03.prefab
  artifactKey: Guid(63bc87997658c4bcc8bc204d70a7ffd1) Importer(815301076,1909f56bfc062723c751e8b465ee728b)
Start importing Assets/Resource/Prefab/LabAssetsPrefab/Flask_03.prefab using Guid(63bc87997658c4bcc8bc204d70a7ffd1) Importer(815301076,1909f56bfc062723c751e8b465ee728b)  -> (artifact id: 'ff01a465fd3fbe48411f23c74b72abec') in 0.019495 seconds 
  Import took 0.023858 seconds .

========================================================================
Received Import Request.
  Time since last request: 24.783765 seconds.
  path: Assets/Resource/Prefab/LabAssetsPrefab/Flask_03.prefab
  artifactKey: Guid(63bc87997658c4bcc8bc204d70a7ffd1) Importer(815301076,1909f56bfc062723c751e8b465ee728b)
Start importing Assets/Resource/Prefab/LabAssetsPrefab/Flask_03.prefab using Guid(63bc87997658c4bcc8bc204d70a7ffd1) Importer(815301076,1909f56bfc062723c751e8b465ee728b)  -> (artifact id: 'a4ca88f60d4426f73d52e69198f65d6a') in 0.022960 seconds 
  Import took 0.027615 seconds .

========================================================================
Received Import Request.
  Time since last request: 1.183920 seconds.
  path: Assets/Resource/Prefab/LabAssetsPrefab/Flask_03.prefab
  artifactKey: Guid(63bc87997658c4bcc8bc204d70a7ffd1) Importer(815301076,1909f56bfc062723c751e8b465ee728b)
Start importing Assets/Resource/Prefab/LabAssetsPrefab/Flask_03.prefab using Guid(63bc87997658c4bcc8bc204d70a7ffd1) Importer(815301076,1909f56bfc062723c751e8b465ee728b)  -> (artifact id: 'eb781adedffef95fba75cb604f1f3ecf') in 0.018326 seconds 
  Import took 0.023244 seconds .

========================================================================
Received Import Request.
  Time since last request: 6.364475 seconds.
  path: Assets/Resource/Prefab/LabAssetsPrefab/Flask_03.prefab
  artifactKey: Guid(63bc87997658c4bcc8bc204d70a7ffd1) Importer(815301076,1909f56bfc062723c751e8b465ee728b)
Start importing Assets/Resource/Prefab/LabAssetsPrefab/Flask_03.prefab using Guid(63bc87997658c4bcc8bc204d70a7ffd1) Importer(815301076,1909f56bfc062723c751e8b465ee728b)  -> (artifact id: 'b54a5645a0856b119d8f3bb378873623') in 0.020021 seconds 
  Import took 0.024211 seconds .

========================================================================
Received Import Request.
  Time since last request: 1.026152 seconds.
  path: Assets/Resource/Prefab/LabAssetsPrefab/Flask_03.prefab
  artifactKey: Guid(63bc87997658c4bcc8bc204d70a7ffd1) Importer(815301076,1909f56bfc062723c751e8b465ee728b)
Start importing Assets/Resource/Prefab/LabAssetsPrefab/Flask_03.prefab using Guid(63bc87997658c4bcc8bc204d70a7ffd1) Importer(815301076,1909f56bfc062723c751e8b465ee728b)  -> (artifact id: '9f85a35e63cc5f20a858afe3463a9840') in 0.020734 seconds 
  Import took 0.025519 seconds .

========================================================================
Received Import Request.
  Time since last request: 2.428935 seconds.
  path: Assets/Resource/Prefab/LabAssetsPrefab/Flask_03.prefab
  artifactKey: Guid(63bc87997658c4bcc8bc204d70a7ffd1) Importer(815301076,1909f56bfc062723c751e8b465ee728b)
Start importing Assets/Resource/Prefab/LabAssetsPrefab/Flask_03.prefab using Guid(63bc87997658c4bcc8bc204d70a7ffd1) Importer(815301076,1909f56bfc062723c751e8b465ee728b)  -> (artifact id: 'b08c26edf30b427d7d949107821dcbb1') in 0.017828 seconds 
  Import took 0.023309 seconds .

========================================================================
Received Import Request.
  Time since last request: 0.642940 seconds.
  path: Assets/Resource/Prefab/LabAssetsPrefab/Flask_03.prefab
  artifactKey: Guid(63bc87997658c4bcc8bc204d70a7ffd1) Importer(815301076,1909f56bfc062723c751e8b465ee728b)
Start importing Assets/Resource/Prefab/LabAssetsPrefab/Flask_03.prefab using Guid(63bc87997658c4bcc8bc204d70a7ffd1) Importer(815301076,1909f56bfc062723c751e8b465ee728b)  -> (artifact id: 'b927b5efa00248ab4e9d843fcf7b6f65') in 0.022605 seconds 
  Import took 0.027764 seconds .

========================================================================
Received Import Request.
  Time since last request: 0.953567 seconds.
  path: Assets/Resource/Prefab/LabAssetsPrefab/Flask_03.prefab
  artifactKey: Guid(63bc87997658c4bcc8bc204d70a7ffd1) Importer(815301076,1909f56bfc062723c751e8b465ee728b)
Start importing Assets/Resource/Prefab/LabAssetsPrefab/Flask_03.prefab using Guid(63bc87997658c4bcc8bc204d70a7ffd1) Importer(815301076,1909f56bfc062723c751e8b465ee728b)  -> (artifact id: '07c296df74dd53e272a5ffb113b8c206') in 0.019271 seconds 
  Import took 0.023077 seconds .

========================================================================
Received Import Request.
  Time since last request: 34.011313 seconds.
  path: Assets/Resource/Prefab/LabAssetsPrefab/Flask_03.prefab
  artifactKey: Guid(63bc87997658c4bcc8bc204d70a7ffd1) Importer(815301076,1909f56bfc062723c751e8b465ee728b)
Start importing Assets/Resource/Prefab/LabAssetsPrefab/Flask_03.prefab using Guid(63bc87997658c4bcc8bc204d70a7ffd1) Importer(815301076,1909f56bfc062723c751e8b465ee728b)  -> (artifact id: 'a628850c76cdd6c0b89002c1438b7739') in 0.018535 seconds 
  Import took 0.022788 seconds .

========================================================================
Received Import Request.
  Time since last request: 3.135679 seconds.
  path: Assets/Resource/Prefab/LabAssetsPrefab/Flask_03.prefab
  artifactKey: Guid(63bc87997658c4bcc8bc204d70a7ffd1) Importer(815301076,1909f56bfc062723c751e8b465ee728b)
Start importing Assets/Resource/Prefab/LabAssetsPrefab/Flask_03.prefab using Guid(63bc87997658c4bcc8bc204d70a7ffd1) Importer(815301076,1909f56bfc062723c751e8b465ee728b)  -> (artifact id: 'b8a4ecd6952f5c94862305aa88d23db4') in 0.017567 seconds 
  Import took 0.021940 seconds .

========================================================================
Received Import Request.
  Time since last request: 0.584785 seconds.
  path: Assets/Resource/Prefab/LabAssetsPrefab/Flask_03.prefab
  artifactKey: Guid(63bc87997658c4bcc8bc204d70a7ffd1) Importer(815301076,1909f56bfc062723c751e8b465ee728b)
Start importing Assets/Resource/Prefab/LabAssetsPrefab/Flask_03.prefab using Guid(63bc87997658c4bcc8bc204d70a7ffd1) Importer(815301076,1909f56bfc062723c751e8b465ee728b)  -> (artifact id: 'fe023172830a5ff0eb5e10f42f54d11f') in 0.019033 seconds 
  Import took 0.022677 seconds .

========================================================================
Received Import Request.
  Time since last request: 0.594561 seconds.
  path: Assets/Resource/Prefab/LabAssetsPrefab/Flask_03.prefab
  artifactKey: Guid(63bc87997658c4bcc8bc204d70a7ffd1) Importer(815301076,1909f56bfc062723c751e8b465ee728b)
Start importing Assets/Resource/Prefab/LabAssetsPrefab/Flask_03.prefab using Guid(63bc87997658c4bcc8bc204d70a7ffd1) Importer(815301076,1909f56bfc062723c751e8b465ee728b)  -> (artifact id: '7620b11c2c9ed727a53da4e85ce4f0a9') in 0.022309 seconds 
  Import took 0.027149 seconds .

========================================================================
Received Import Request.
  Time since last request: 4.003153 seconds.
  path: Assets/Resource/Prefab/LabAssetsPrefab/Flask_03.prefab
  artifactKey: Guid(63bc87997658c4bcc8bc204d70a7ffd1) Importer(815301076,1909f56bfc062723c751e8b465ee728b)
Start importing Assets/Resource/Prefab/LabAssetsPrefab/Flask_03.prefab using Guid(63bc87997658c4bcc8bc204d70a7ffd1) Importer(815301076,1909f56bfc062723c751e8b465ee728b)  -> (artifact id: '57707efbaa11f7f2aa87c4bc2092c20b') in 0.020033 seconds 
  Import took 0.024033 seconds .

========================================================================
Received Import Request.
  Time since last request: 10.753601 seconds.
  path: Assets/Resource/Prefab/LabAssetsPrefab/Flask_03.prefab
  artifactKey: Guid(63bc87997658c4bcc8bc204d70a7ffd1) Importer(815301076,1909f56bfc062723c751e8b465ee728b)
Start importing Assets/Resource/Prefab/LabAssetsPrefab/Flask_03.prefab using Guid(63bc87997658c4bcc8bc204d70a7ffd1) Importer(815301076,1909f56bfc062723c751e8b465ee728b)  -> (artifact id: 'b1b5e34210330154a6362dedb31601cc') in 0.017139 seconds 
  Import took 0.020813 seconds .

========================================================================
Received Import Request.
  Time since last request: 170.040951 seconds.
  path: Assets/Resource/Prefab/LabAssetsPrefab/Flask_03.prefab
  artifactKey: Guid(63bc87997658c4bcc8bc204d70a7ffd1) Importer(815301076,1909f56bfc062723c751e8b465ee728b)
Start importing Assets/Resource/Prefab/LabAssetsPrefab/Flask_03.prefab using Guid(63bc87997658c4bcc8bc204d70a7ffd1) Importer(815301076,1909f56bfc062723c751e8b465ee728b)  -> (artifact id: '516f34a1a4a207d93c75f479342948f6') in 0.020324 seconds 
  Import took 0.024111 seconds .

========================================================================
Received Import Request.
  Time since last request: 18.785653 seconds.
  path: Assets/Resource/Prefab/LabAssetsPrefab/Flask_03.prefab
  artifactKey: Guid(63bc87997658c4bcc8bc204d70a7ffd1) Importer(815301076,1909f56bfc062723c751e8b465ee728b)
Start importing Assets/Resource/Prefab/LabAssetsPrefab/Flask_03.prefab using Guid(63bc87997658c4bcc8bc204d70a7ffd1) Importer(815301076,1909f56bfc062723c751e8b465ee728b)  -> (artifact id: 'c11af690b133f5b2e3b0d2c56b1729b1') in 0.021091 seconds 
  Import took 0.024961 seconds .

========================================================================
Received Import Request.
  Time since last request: 40.262685 seconds.
  path: Assets/Resource/Prefab/LabAssetsPrefab/Flask_03.prefab
  artifactKey: Guid(63bc87997658c4bcc8bc204d70a7ffd1) Importer(815301076,1909f56bfc062723c751e8b465ee728b)
Start importing Assets/Resource/Prefab/LabAssetsPrefab/Flask_03.prefab using Guid(63bc87997658c4bcc8bc204d70a7ffd1) Importer(815301076,1909f56bfc062723c751e8b465ee728b)  -> (artifact id: '86da745cea5d8017ea95ed31e7e082eb') in 0.016552 seconds 
  Import took 0.021198 seconds .

========================================================================
Received Prepare
Registering precompiled user dll's ...
Registered in 0.062988 seconds.
Begin MonoManager ReloadAssembly
Native extension for WindowsStandalone target not found
Refreshing native plugins compatible for Editor in 0.48 ms, found 2 plugins.
Preloading 0 native plugins for Editor in 0.00 ms.
Mono: successfully reloaded assembly
- Completed reload, in  1.371 seconds
Domain Reload Profiling:
	ReloadAssembly (1371ms)
		BeginReloadAssembly (203ms)
			ExecutionOrderSort (0ms)
			DisableScriptedObjects (8ms)
			BackupInstance (0ms)
			ReleaseScriptingObjects (0ms)
			CreateAndSetChildDomain (42ms)
		EndReloadAssembly (1072ms)
			LoadAssemblies (160ms)
			RebuildTransferFunctionScriptingTraits (0ms)
			SetupTypeCache (322ms)
			ReleaseScriptCaches (1ms)
			RebuildScriptCaches (49ms)
			SetupLoadedEditorAssemblies (462ms)
				LogAssemblyErrors (0ms)
				InitializePlatformSupportModulesInManaged (7ms)
				SetLoadedEditorAssemblies (1ms)
				RefreshPlugins (1ms)
				BeforeProcessingInitializeOnLoad (118ms)
				ProcessInitializeOnLoadAttributes (310ms)
				ProcessInitializeOnLoadMethodAttributes (4ms)
				AfterProcessingInitializeOnLoad (22ms)
				EditorAssembliesLoaded (0ms)
			ExecutionOrderSort2 (0ms)
			AwakeInstancesAfterBackupRestoration (7ms)
Platform modules already initialized, skipping
Refreshing native plugins compatible for Editor in 0.40 ms, found 2 plugins.
Preloading 0 native plugins for Editor in 0.00 ms.
Unloading 1554 Unused Serialized files (Serialized files now loaded: 0)
System memory in use before: 80.1 MB.
System memory in use after: 80.2 MB.

Unloading 14 unused Assets to reduce memory usage. Loaded Objects now: 2049.
Total: 2.910000 ms (FindLiveObjects: 0.215900 ms CreateObjectMapping: 0.198600 ms MarkObjects: 2.464200 ms  DeleteObjects: 0.030000 ms)

AssetImportParameters requested are different than current active one (requested -> active):
  custom:framework-win-MediaFoundation: 216162199b28c13a410421893ffa2e32 -> 
  custom:video-decoder-ogg-theora: a1e56fd34408186e4bbccfd4996cb3dc -> 
  custom:container-muxer-webm: aa71ff27fc2769a1b78a27578f13a17b -> 
  custom:container-demuxer-webm: 4f35f7cbe854078d1ac9338744f61a02 -> 
  custom:container-demuxer-ogg: 62fdf1f143b41e24485cea50d1cbac27 -> 
  custom:video-encoder-webm-vp8: eb34c28f22e8b96e1ab97ce403110664 -> 
  custom:video-decoder-webm-vp8: 9c59270c3fd7afecdb556c50c9e8de78 -> 
  custom:audio-decoder-ogg-vorbis: bf7c407c2cedff20999df2af8eb42d56 -> 
  custom:audio-encoder-webm-vorbis: bf7c407c2cedff20999df2af8eb42d56 -> 
========================================================================
Received Prepare
Registering precompiled user dll's ...
Registered in 0.009842 seconds.
Begin MonoManager ReloadAssembly
Native extension for WindowsStandalone target not found
Refreshing native plugins compatible for Editor in 0.55 ms, found 2 plugins.
Preloading 0 native plugins for Editor in 0.00 ms.
Mono: successfully reloaded assembly
- Completed reload, in  1.363 seconds
Domain Reload Profiling:
	ReloadAssembly (1364ms)
		BeginReloadAssembly (180ms)
			ExecutionOrderSort (0ms)
			DisableScriptedObjects (5ms)
			BackupInstance (0ms)
			ReleaseScriptingObjects (0ms)
			CreateAndSetChildDomain (41ms)
		EndReloadAssembly (1073ms)
			LoadAssemblies (153ms)
			RebuildTransferFunctionScriptingTraits (0ms)
			SetupTypeCache (324ms)
			ReleaseScriptCaches (1ms)
			RebuildScriptCaches (43ms)
			SetupLoadedEditorAssemblies (478ms)
				LogAssemblyErrors (0ms)
				InitializePlatformSupportModulesInManaged (6ms)
				SetLoadedEditorAssemblies (1ms)
				RefreshPlugins (1ms)
				BeforeProcessingInitializeOnLoad (119ms)
				ProcessInitializeOnLoadAttributes (323ms)
				ProcessInitializeOnLoadMethodAttributes (4ms)
				AfterProcessingInitializeOnLoad (24ms)
				EditorAssembliesLoaded (0ms)
			ExecutionOrderSort2 (0ms)
			AwakeInstancesAfterBackupRestoration (7ms)
Platform modules already initialized, skipping
Refreshing native plugins compatible for Editor in 0.61 ms, found 2 plugins.
Preloading 0 native plugins for Editor in 0.00 ms.
Unloading 1554 Unused Serialized files (Serialized files now loaded: 0)
System memory in use before: 80.1 MB.
System memory in use after: 80.2 MB.

Unloading 14 unused Assets to reduce memory usage. Loaded Objects now: 2052.
Total: 3.235400 ms (FindLiveObjects: 0.191600 ms CreateObjectMapping: 0.100900 ms MarkObjects: 2.922500 ms  DeleteObjects: 0.019200 ms)

AssetImportParameters requested are different than current active one (requested -> active):
  custom:framework-win-MediaFoundation: 216162199b28c13a410421893ffa2e32 -> 
  custom:video-decoder-ogg-theora: a1e56fd34408186e4bbccfd4996cb3dc -> 
  custom:container-muxer-webm: aa71ff27fc2769a1b78a27578f13a17b -> 
  custom:container-demuxer-webm: 4f35f7cbe854078d1ac9338744f61a02 -> 
  custom:container-demuxer-ogg: 62fdf1f143b41e24485cea50d1cbac27 -> 
  custom:video-encoder-webm-vp8: eb34c28f22e8b96e1ab97ce403110664 -> 
  custom:video-decoder-webm-vp8: 9c59270c3fd7afecdb556c50c9e8de78 -> 
  custom:audio-decoder-ogg-vorbis: bf7c407c2cedff20999df2af8eb42d56 -> 
  custom:audio-encoder-webm-vorbis: bf7c407c2cedff20999df2af8eb42d56 -> 
========================================================================
Received Prepare
Registering precompiled user dll's ...
Registered in 0.009127 seconds.
Begin MonoManager ReloadAssembly
Native extension for WindowsStandalone target not found
Refreshing native plugins compatible for Editor in 2.62 ms, found 2 plugins.
Preloading 0 native plugins for Editor in 0.00 ms.
Mono: successfully reloaded assembly
- Completed reload, in  2.363 seconds
Domain Reload Profiling:
	ReloadAssembly (2363ms)
		BeginReloadAssembly (157ms)
			ExecutionOrderSort (0ms)
			DisableScriptedObjects (5ms)
			BackupInstance (0ms)
			ReleaseScriptingObjects (0ms)
			CreateAndSetChildDomain (37ms)
		EndReloadAssembly (2117ms)
			LoadAssemblies (141ms)
			RebuildTransferFunctionScriptingTraits (0ms)
			SetupTypeCache (342ms)
			ReleaseScriptCaches (1ms)
			RebuildScriptCaches (42ms)
			SetupLoadedEditorAssemblies (1506ms)
				LogAssemblyErrors (0ms)
				InitializePlatformSupportModulesInManaged (7ms)
				SetLoadedEditorAssemblies (1ms)
				RefreshPlugins (3ms)
				BeforeProcessingInitializeOnLoad (1140ms)
				ProcessInitializeOnLoadAttributes (328ms)
				ProcessInitializeOnLoadMethodAttributes (4ms)
				AfterProcessingInitializeOnLoad (23ms)
				EditorAssembliesLoaded (0ms)
			ExecutionOrderSort2 (0ms)
			AwakeInstancesAfterBackupRestoration (7ms)
Platform modules already initialized, skipping
Refreshing native plugins compatible for Editor in 0.48 ms, found 2 plugins.
Preloading 0 native plugins for Editor in 0.00 ms.
Unloading 1554 Unused Serialized files (Serialized files now loaded: 0)
System memory in use before: 80.1 MB.
System memory in use after: 80.2 MB.

Unloading 14 unused Assets to reduce memory usage. Loaded Objects now: 2055.
Total: 2.659600 ms (FindLiveObjects: 0.194400 ms CreateObjectMapping: 0.109200 ms MarkObjects: 2.327500 ms  DeleteObjects: 0.027200 ms)

AssetImportParameters requested are different than current active one (requested -> active):
  custom:framework-win-MediaFoundation: 216162199b28c13a410421893ffa2e32 -> 
  custom:video-decoder-ogg-theora: a1e56fd34408186e4bbccfd4996cb3dc -> 
  custom:container-muxer-webm: aa71ff27fc2769a1b78a27578f13a17b -> 
  custom:container-demuxer-webm: 4f35f7cbe854078d1ac9338744f61a02 -> 
  custom:container-demuxer-ogg: 62fdf1f143b41e24485cea50d1cbac27 -> 
  custom:video-encoder-webm-vp8: eb34c28f22e8b96e1ab97ce403110664 -> 
  custom:video-decoder-webm-vp8: 9c59270c3fd7afecdb556c50c9e8de78 -> 
  custom:audio-decoder-ogg-vorbis: bf7c407c2cedff20999df2af8eb42d56 -> 
  custom:audio-encoder-webm-vorbis: bf7c407c2cedff20999df2af8eb42d56 -> 
========================================================================
Received Prepare
Registering precompiled user dll's ...
Registered in 0.009636 seconds.
Begin MonoManager ReloadAssembly
Native extension for WindowsStandalone target not found
Refreshing native plugins compatible for Editor in 0.39 ms, found 2 plugins.
Preloading 0 native plugins for Editor in 0.00 ms.
Mono: successfully reloaded assembly
- Completed reload, in  1.296 seconds
Domain Reload Profiling:
	ReloadAssembly (1296ms)
		BeginReloadAssembly (177ms)
			ExecutionOrderSort (0ms)
			DisableScriptedObjects (5ms)
			BackupInstance (0ms)
			ReleaseScriptingObjects (0ms)
			CreateAndSetChildDomain (42ms)
		EndReloadAssembly (1018ms)
			LoadAssemblies (146ms)
			RebuildTransferFunctionScriptingTraits (0ms)
			SetupTypeCache (301ms)
			ReleaseScriptCaches (1ms)
			RebuildScriptCaches (41ms)
			SetupLoadedEditorAssemblies (448ms)
				LogAssemblyErrors (0ms)
				InitializePlatformSupportModulesInManaged (6ms)
				SetLoadedEditorAssemblies (1ms)
				RefreshPlugins (0ms)
				BeforeProcessingInitializeOnLoad (112ms)
				ProcessInitializeOnLoadAttributes (302ms)
				ProcessInitializeOnLoadMethodAttributes (4ms)
				AfterProcessingInitializeOnLoad (23ms)
				EditorAssembliesLoaded (0ms)
			ExecutionOrderSort2 (0ms)
			AwakeInstancesAfterBackupRestoration (7ms)
Platform modules already initialized, skipping
Refreshing native plugins compatible for Editor in 0.41 ms, found 2 plugins.
Preloading 0 native plugins for Editor in 0.00 ms.
Unloading 1554 Unused Serialized files (Serialized files now loaded: 0)
System memory in use before: 80.1 MB.
System memory in use after: 80.3 MB.

Unloading 14 unused Assets to reduce memory usage. Loaded Objects now: 2058.
Total: 3.043300 ms (FindLiveObjects: 0.186400 ms CreateObjectMapping: 0.099400 ms MarkObjects: 2.740100 ms  DeleteObjects: 0.016600 ms)

AssetImportParameters requested are different than current active one (requested -> active):
  custom:framework-win-MediaFoundation: 216162199b28c13a410421893ffa2e32 -> 
  custom:video-decoder-ogg-theora: a1e56fd34408186e4bbccfd4996cb3dc -> 
  custom:container-muxer-webm: aa71ff27fc2769a1b78a27578f13a17b -> 
  custom:container-demuxer-webm: 4f35f7cbe854078d1ac9338744f61a02 -> 
  custom:container-demuxer-ogg: 62fdf1f143b41e24485cea50d1cbac27 -> 
  custom:video-encoder-webm-vp8: eb34c28f22e8b96e1ab97ce403110664 -> 
  custom:video-decoder-webm-vp8: 9c59270c3fd7afecdb556c50c9e8de78 -> 
  custom:audio-decoder-ogg-vorbis: bf7c407c2cedff20999df2af8eb42d56 -> 
  custom:audio-encoder-webm-vorbis: bf7c407c2cedff20999df2af8eb42d56 -> 
========================================================================
Received Prepare
Registering precompiled user dll's ...
Registered in 0.009312 seconds.
Begin MonoManager ReloadAssembly
Native extension for WindowsStandalone target not found
Refreshing native plugins compatible for Editor in 0.39 ms, found 2 plugins.
Preloading 0 native plugins for Editor in 0.00 ms.
Mono: successfully reloaded assembly
- Completed reload, in  1.352 seconds
Domain Reload Profiling:
	ReloadAssembly (1352ms)
		BeginReloadAssembly (176ms)
			ExecutionOrderSort (0ms)
			DisableScriptedObjects (5ms)
			BackupInstance (0ms)
			ReleaseScriptingObjects (0ms)
			CreateAndSetChildDomain (40ms)
		EndReloadAssembly (1066ms)
			LoadAssemblies (145ms)
			RebuildTransferFunctionScriptingTraits (0ms)
			SetupTypeCache (325ms)
			ReleaseScriptCaches (1ms)
			RebuildScriptCaches (42ms)
			SetupLoadedEditorAssemblies (468ms)
				LogAssemblyErrors (0ms)
				InitializePlatformSupportModulesInManaged (7ms)
				SetLoadedEditorAssemblies (0ms)
				RefreshPlugins (0ms)
				BeforeProcessingInitializeOnLoad (120ms)
				ProcessInitializeOnLoadAttributes (313ms)
				ProcessInitializeOnLoadMethodAttributes (4ms)
				AfterProcessingInitializeOnLoad (23ms)
				EditorAssembliesLoaded (0ms)
			ExecutionOrderSort2 (0ms)
			AwakeInstancesAfterBackupRestoration (7ms)
Platform modules already initialized, skipping
Refreshing native plugins compatible for Editor in 0.40 ms, found 2 plugins.
Preloading 0 native plugins for Editor in 0.00 ms.
Unloading 1554 Unused Serialized files (Serialized files now loaded: 0)
System memory in use before: 80.2 MB.
System memory in use after: 80.3 MB.

Unloading 14 unused Assets to reduce memory usage. Loaded Objects now: 2061.
Total: 2.670800 ms (FindLiveObjects: 0.212200 ms CreateObjectMapping: 0.115300 ms MarkObjects: 2.315500 ms  DeleteObjects: 0.026700 ms)

AssetImportParameters requested are different than current active one (requested -> active):
  custom:framework-win-MediaFoundation: 216162199b28c13a410421893ffa2e32 -> 
  custom:video-decoder-ogg-theora: a1e56fd34408186e4bbccfd4996cb3dc -> 
  custom:container-muxer-webm: aa71ff27fc2769a1b78a27578f13a17b -> 
  custom:container-demuxer-webm: 4f35f7cbe854078d1ac9338744f61a02 -> 
  custom:container-demuxer-ogg: 62fdf1f143b41e24485cea50d1cbac27 -> 
  custom:video-encoder-webm-vp8: eb34c28f22e8b96e1ab97ce403110664 -> 
  custom:video-decoder-webm-vp8: 9c59270c3fd7afecdb556c50c9e8de78 -> 
  custom:audio-decoder-ogg-vorbis: bf7c407c2cedff20999df2af8eb42d56 -> 
  custom:audio-encoder-webm-vorbis: bf7c407c2cedff20999df2af8eb42d56 -> 
========================================================================
Received Import Request.
  Time since last request: 2595.761201 seconds.
  path: Assets/Resource/Prefab/Light.prefab
  artifactKey: Guid(700bbe17783fbdd429e836c6d2e45495) Importer(815301076,1909f56bfc062723c751e8b465ee728b)
Start importing Assets/Resource/Prefab/Light.prefab using Guid(700bbe17783fbdd429e836c6d2e45495) Importer(815301076,1909f56bfc062723c751e8b465ee728b)  -> (artifact id: '2d3481c25bdc911019d233885d84522d') in 0.119695 seconds 
  Import took 0.123656 seconds .

========================================================================
Received Import Request.
  Time since last request: 3.189918 seconds.
  path: Assets/Resource/Prefab/Light.prefab
  artifactKey: Guid(700bbe17783fbdd429e836c6d2e45495) Importer(815301076,1909f56bfc062723c751e8b465ee728b)
Start importing Assets/Resource/Prefab/Light.prefab using Guid(700bbe17783fbdd429e836c6d2e45495) Importer(815301076,1909f56bfc062723c751e8b465ee728b)  -> (artifact id: '8f68cd0aa6331eabf218247c93393eae') in 0.013579 seconds 
  Import took 0.018741 seconds .

========================================================================
Received Import Request.
  Time since last request: 0.001201 seconds.
  path: Assets/Resource/Prefab/Light.prefab
  artifactKey: Guid(700bbe17783fbdd429e836c6d2e45495) Importer(815301076,1909f56bfc062723c751e8b465ee728b)
Start importing Assets/Resource/Prefab/Light.prefab using Guid(700bbe17783fbdd429e836c6d2e45495) Importer(815301076,1909f56bfc062723c751e8b465ee728b)  -> (artifact id: '8f68cd0aa6331eabf218247c93393eae') in 0.011003 seconds 
  Import took 0.015326 seconds .

========================================================================
Received Import Request.
  Time since last request: 2.964562 seconds.
  path: Assets/Resource/Prefab/Light.prefab
  artifactKey: Guid(700bbe17783fbdd429e836c6d2e45495) Importer(815301076,1909f56bfc062723c751e8b465ee728b)
Start importing Assets/Resource/Prefab/Light.prefab using Guid(700bbe17783fbdd429e836c6d2e45495) Importer(815301076,1909f56bfc062723c751e8b465ee728b)  -> (artifact id: '8707a4428b16935e4b107717d704c5f5') in 0.010483 seconds 
  Import took 0.014434 seconds .

========================================================================
Received Import Request.
  Time since last request: 0.010699 seconds.
  path: Assets/Resource/Prefab/Light.prefab
  artifactKey: Guid(700bbe17783fbdd429e836c6d2e45495) Importer(815301076,1909f56bfc062723c751e8b465ee728b)
Start importing Assets/Resource/Prefab/Light.prefab using Guid(700bbe17783fbdd429e836c6d2e45495) Importer(815301076,1909f56bfc062723c751e8b465ee728b)  -> (artifact id: '8707a4428b16935e4b107717d704c5f5') in 0.010162 seconds 
  Import took 0.014073 seconds .

========================================================================
Received Import Request.
  Time since last request: 2.583676 seconds.
  path: Assets/Resource/Prefab/Light.prefab
  artifactKey: Guid(700bbe17783fbdd429e836c6d2e45495) Importer(815301076,1909f56bfc062723c751e8b465ee728b)
Start importing Assets/Resource/Prefab/Light.prefab using Guid(700bbe17783fbdd429e836c6d2e45495) Importer(815301076,1909f56bfc062723c751e8b465ee728b)  -> (artifact id: '4707239c4861cfcbdc4f69b7cbfd3a09') in 0.011812 seconds 
  Import took 0.017224 seconds .

========================================================================
Received Import Request.
  Time since last request: 0.006157 seconds.
  path: Assets/Resource/Prefab/Light.prefab
  artifactKey: Guid(700bbe17783fbdd429e836c6d2e45495) Importer(815301076,1909f56bfc062723c751e8b465ee728b)
Start importing Assets/Resource/Prefab/Light.prefab using Guid(700bbe17783fbdd429e836c6d2e45495) Importer(815301076,1909f56bfc062723c751e8b465ee728b)  -> (artifact id: '4707239c4861cfcbdc4f69b7cbfd3a09') in 0.009945 seconds 
  Import took 0.013878 seconds .

========================================================================
Received Import Request.
  Time since last request: 0.336005 seconds.
  path: Assets/Resource/Prefab/Light.prefab
  artifactKey: Guid(700bbe17783fbdd429e836c6d2e45495) Importer(815301076,1909f56bfc062723c751e8b465ee728b)
Start importing Assets/Resource/Prefab/Light.prefab using Guid(700bbe17783fbdd429e836c6d2e45495) Importer(815301076,1909f56bfc062723c751e8b465ee728b)  -> (artifact id: 'fca74535a465733d341f02329ef5ef98') in 0.014414 seconds 
  Import took 0.018066 seconds .

========================================================================
Received Import Request.
  Time since last request: 0.002407 seconds.
  path: Assets/Resource/Prefab/Light.prefab
  artifactKey: Guid(700bbe17783fbdd429e836c6d2e45495) Importer(815301076,1909f56bfc062723c751e8b465ee728b)
Start importing Assets/Resource/Prefab/Light.prefab using Guid(700bbe17783fbdd429e836c6d2e45495) Importer(815301076,1909f56bfc062723c751e8b465ee728b)  -> (artifact id: 'fca74535a465733d341f02329ef5ef98') in 0.014053 seconds 
  Import took 0.017901 seconds .

========================================================================
Received Import Request.
  Time since last request: 0.565440 seconds.
  path: Assets/Resource/Prefab/Light.prefab
  artifactKey: Guid(700bbe17783fbdd429e836c6d2e45495) Importer(815301076,1909f56bfc062723c751e8b465ee728b)
Start importing Assets/Resource/Prefab/Light.prefab using Guid(700bbe17783fbdd429e836c6d2e45495) Importer(815301076,1909f56bfc062723c751e8b465ee728b)  -> (artifact id: '7b67e95cbe1b23fb2da06db7951b1d1c') in 0.013638 seconds 
  Import took 0.017411 seconds .

========================================================================
Received Import Request.
  Time since last request: 0.002973 seconds.
  path: Assets/Resource/Prefab/Light.prefab
  artifactKey: Guid(700bbe17783fbdd429e836c6d2e45495) Importer(815301076,1909f56bfc062723c751e8b465ee728b)
Start importing Assets/Resource/Prefab/Light.prefab using Guid(700bbe17783fbdd429e836c6d2e45495) Importer(815301076,1909f56bfc062723c751e8b465ee728b)  -> (artifact id: '7b67e95cbe1b23fb2da06db7951b1d1c') in 0.011653 seconds 
  Import took 0.015606 seconds .

========================================================================
Received Import Request.
  Time since last request: 23.761066 seconds.
  path: Assets/Resource/Prefab/MixLight.prefab
  artifactKey: Guid(d1e9ce2b3c3d01e4dbe289e88e96e332) Importer(815301076,1909f56bfc062723c751e8b465ee728b)
Start importing Assets/Resource/Prefab/MixLight.prefab using Guid(d1e9ce2b3c3d01e4dbe289e88e96e332) Importer(815301076,1909f56bfc062723c751e8b465ee728b)  -> (artifact id: '4db1182df4fbd9114986fef2903e9ecc') in 0.010689 seconds 
  Import took 0.014202 seconds .

========================================================================
Received Import Request.
  Time since last request: 0.013559 seconds.
  path: Assets/Resource/Prefab/MixLight.prefab
  artifactKey: Guid(d1e9ce2b3c3d01e4dbe289e88e96e332) Importer(815301076,1909f56bfc062723c751e8b465ee728b)
Start importing Assets/Resource/Prefab/MixLight.prefab using Guid(d1e9ce2b3c3d01e4dbe289e88e96e332) Importer(815301076,1909f56bfc062723c751e8b465ee728b)  -> (artifact id: '4db1182df4fbd9114986fef2903e9ecc') in 0.009706 seconds 
  Import took 0.013199 seconds .

========================================================================
Received Import Request.
  Time since last request: 3.347868 seconds.
  path: Assets/Resource/Prefab/MixLight.prefab
  artifactKey: Guid(d1e9ce2b3c3d01e4dbe289e88e96e332) Importer(815301076,1909f56bfc062723c751e8b465ee728b)
Start importing Assets/Resource/Prefab/MixLight.prefab using Guid(d1e9ce2b3c3d01e4dbe289e88e96e332) Importer(815301076,1909f56bfc062723c751e8b465ee728b)  -> (artifact id: 'aff97d55bb71a1ec8dfeefc45b09302a') in 0.011325 seconds 
  Import took 0.015295 seconds .

========================================================================
Received Import Request.
  Time since last request: 0.009396 seconds.
  path: Assets/Resource/Prefab/MixLight.prefab
  artifactKey: Guid(d1e9ce2b3c3d01e4dbe289e88e96e332) Importer(815301076,1909f56bfc062723c751e8b465ee728b)
Start importing Assets/Resource/Prefab/MixLight.prefab using Guid(d1e9ce2b3c3d01e4dbe289e88e96e332) Importer(815301076,1909f56bfc062723c751e8b465ee728b)  -> (artifact id: 'aff97d55bb71a1ec8dfeefc45b09302a') in 0.010523 seconds 
  Import took 0.014004 seconds .

========================================================================
Received Import Request.
  Time since last request: 2.521091 seconds.
  path: Assets/Resource/Prefab/MixLight.prefab
  artifactKey: Guid(d1e9ce2b3c3d01e4dbe289e88e96e332) Importer(815301076,1909f56bfc062723c751e8b465ee728b)
Start importing Assets/Resource/Prefab/MixLight.prefab using Guid(d1e9ce2b3c3d01e4dbe289e88e96e332) Importer(815301076,1909f56bfc062723c751e8b465ee728b)  -> (artifact id: 'd0e728e3cd642f66c06cd0942d8bd535') in 0.010363 seconds 
  Import took 0.014299 seconds .

========================================================================
Received Import Request.
  Time since last request: 0.006223 seconds.
  path: Assets/Resource/Prefab/MixLight.prefab
  artifactKey: Guid(d1e9ce2b3c3d01e4dbe289e88e96e332) Importer(815301076,1909f56bfc062723c751e8b465ee728b)
Start importing Assets/Resource/Prefab/MixLight.prefab using Guid(d1e9ce2b3c3d01e4dbe289e88e96e332) Importer(815301076,1909f56bfc062723c751e8b465ee728b)  -> (artifact id: 'd0e728e3cd642f66c06cd0942d8bd535') in 0.009972 seconds 
  Import took 0.013636 seconds .

========================================================================
Received Import Request.
  Time since last request: 2.817237 seconds.
  path: Assets/Resource/Prefab/MixLight.prefab
  artifactKey: Guid(d1e9ce2b3c3d01e4dbe289e88e96e332) Importer(815301076,1909f56bfc062723c751e8b465ee728b)
Start importing Assets/Resource/Prefab/MixLight.prefab using Guid(d1e9ce2b3c3d01e4dbe289e88e96e332) Importer(815301076,1909f56bfc062723c751e8b465ee728b)  -> (artifact id: '187a423880e3ce770ee853797c8436fd') in 0.010461 seconds 
  Import took 0.015986 seconds .

========================================================================
Received Import Request.
  Time since last request: 0.009239 seconds.
  path: Assets/Resource/Prefab/MixLight.prefab
  artifactKey: Guid(d1e9ce2b3c3d01e4dbe289e88e96e332) Importer(815301076,1909f56bfc062723c751e8b465ee728b)
Start importing Assets/Resource/Prefab/MixLight.prefab using Guid(d1e9ce2b3c3d01e4dbe289e88e96e332) Importer(815301076,1909f56bfc062723c751e8b465ee728b)  -> (artifact id: '187a423880e3ce770ee853797c8436fd') in 0.010337 seconds 
  Import took 0.014672 seconds .

========================================================================
Received Import Request.
  Time since last request: 0.783672 seconds.
  path: Assets/Resource/Prefab/MixLight.prefab
  artifactKey: Guid(d1e9ce2b3c3d01e4dbe289e88e96e332) Importer(815301076,1909f56bfc062723c751e8b465ee728b)
Start importing Assets/Resource/Prefab/MixLight.prefab using Guid(d1e9ce2b3c3d01e4dbe289e88e96e332) Importer(815301076,1909f56bfc062723c751e8b465ee728b)  -> (artifact id: 'cde20f7cf293ac03583857c3f1f0190d') in 0.010616 seconds 
  Import took 0.015205 seconds .

========================================================================
Received Import Request.
  Time since last request: 0.006001 seconds.
  path: Assets/Resource/Prefab/MixLight.prefab
  artifactKey: Guid(d1e9ce2b3c3d01e4dbe289e88e96e332) Importer(815301076,1909f56bfc062723c751e8b465ee728b)
Start importing Assets/Resource/Prefab/MixLight.prefab using Guid(d1e9ce2b3c3d01e4dbe289e88e96e332) Importer(815301076,1909f56bfc062723c751e8b465ee728b)  -> (artifact id: 'cde20f7cf293ac03583857c3f1f0190d') in 0.010186 seconds 
  Import took 0.014353 seconds .

========================================================================
Received Import Request.
  Time since last request: 0.798352 seconds.
  path: Assets/Resource/Prefab/MixLight.prefab
  artifactKey: Guid(d1e9ce2b3c3d01e4dbe289e88e96e332) Importer(815301076,1909f56bfc062723c751e8b465ee728b)
Start importing Assets/Resource/Prefab/MixLight.prefab using Guid(d1e9ce2b3c3d01e4dbe289e88e96e332) Importer(815301076,1909f56bfc062723c751e8b465ee728b)  -> (artifact id: 'ed3cb1d9ca107cf09e550cee5ba0fc5a') in 0.010537 seconds 
  Import took 0.015357 seconds .

========================================================================
Received Import Request.
  Time since last request: 0.006724 seconds.
  path: Assets/Resource/Prefab/MixLight.prefab
  artifactKey: Guid(d1e9ce2b3c3d01e4dbe289e88e96e332) Importer(815301076,1909f56bfc062723c751e8b465ee728b)
Start importing Assets/Resource/Prefab/MixLight.prefab using Guid(d1e9ce2b3c3d01e4dbe289e88e96e332) Importer(815301076,1909f56bfc062723c751e8b465ee728b)  -> (artifact id: 'ed3cb1d9ca107cf09e550cee5ba0fc5a') in 0.009608 seconds 
  Import took 0.013580 seconds .

========================================================================
Received Prepare
Registering precompiled user dll's ...
Registered in 0.009317 seconds.
Begin MonoManager ReloadAssembly
Native extension for WindowsStandalone target not found
Refreshing native plugins compatible for Editor in 0.66 ms, found 2 plugins.
Preloading 0 native plugins for Editor in 0.00 ms.
Mono: successfully reloaded assembly
- Completed reload, in  2.425 seconds
Domain Reload Profiling:
	ReloadAssembly (2426ms)
		BeginReloadAssembly (172ms)
			ExecutionOrderSort (0ms)
			DisableScriptedObjects (5ms)
			BackupInstance (0ms)
			ReleaseScriptingObjects (0ms)
			CreateAndSetChildDomain (40ms)
		EndReloadAssembly (2159ms)
			LoadAssemblies (146ms)
			RebuildTransferFunctionScriptingTraits (0ms)
			SetupTypeCache (353ms)
			ReleaseScriptCaches (1ms)
			RebuildScriptCaches (53ms)
			SetupLoadedEditorAssemblies (534ms)
				LogAssemblyErrors (0ms)
				InitializePlatformSupportModulesInManaged (8ms)
				SetLoadedEditorAssemblies (1ms)
				RefreshPlugins (1ms)
				BeforeProcessingInitializeOnLoad (141ms)
				ProcessInitializeOnLoadAttributes (348ms)
				ProcessInitializeOnLoadMethodAttributes (5ms)
				AfterProcessingInitializeOnLoad (30ms)
				EditorAssembliesLoaded (0ms)
			ExecutionOrderSort2 (0ms)
			AwakeInstancesAfterBackupRestoration (8ms)
Platform modules already initialized, skipping
Refreshing native plugins compatible for Editor in 0.44 ms, found 2 plugins.
Preloading 0 native plugins for Editor in 0.00 ms.
Unloading 1554 Unused Serialized files (Serialized files now loaded: 0)
System memory in use before: 80.2 MB.
System memory in use after: 80.3 MB.

Unloading 14 unused Assets to reduce memory usage. Loaded Objects now: 2064.
Total: 2.688200 ms (FindLiveObjects: 0.192500 ms CreateObjectMapping: 0.101300 ms MarkObjects: 2.366700 ms  DeleteObjects: 0.026500 ms)

AssetImportParameters requested are different than current active one (requested -> active):
  custom:framework-win-MediaFoundation: 216162199b28c13a410421893ffa2e32 -> 
  custom:video-decoder-ogg-theora: a1e56fd34408186e4bbccfd4996cb3dc -> 
  custom:container-muxer-webm: aa71ff27fc2769a1b78a27578f13a17b -> 
  custom:container-demuxer-webm: 4f35f7cbe854078d1ac9338744f61a02 -> 
  custom:container-demuxer-ogg: 62fdf1f143b41e24485cea50d1cbac27 -> 
  custom:video-encoder-webm-vp8: eb34c28f22e8b96e1ab97ce403110664 -> 
  custom:video-decoder-webm-vp8: 9c59270c3fd7afecdb556c50c9e8de78 -> 
  custom:audio-decoder-ogg-vorbis: bf7c407c2cedff20999df2af8eb42d56 -> 
  custom:audio-encoder-webm-vorbis: bf7c407c2cedff20999df2af8eb42d56 -> 
========================================================================
Received Prepare
Registering precompiled user dll's ...
Registered in 0.008730 seconds.
Begin MonoManager ReloadAssembly
Native extension for WindowsStandalone target not found
Refreshing native plugins compatible for Editor in 0.39 ms, found 2 plugins.
Preloading 0 native plugins for Editor in 0.00 ms.
Mono: successfully reloaded assembly
- Completed reload, in  1.288 seconds
Domain Reload Profiling:
	ReloadAssembly (1288ms)
		BeginReloadAssembly (162ms)
			ExecutionOrderSort (0ms)
			DisableScriptedObjects (5ms)
			BackupInstance (0ms)
			ReleaseScriptingObjects (0ms)
			CreateAndSetChildDomain (35ms)
		EndReloadAssembly (1033ms)
			LoadAssemblies (142ms)
			RebuildTransferFunctionScriptingTraits (0ms)
			SetupTypeCache (306ms)
			ReleaseScriptCaches (1ms)
			RebuildScriptCaches (42ms)
			SetupLoadedEditorAssemblies (461ms)
				LogAssemblyErrors (0ms)
				InitializePlatformSupportModulesInManaged (6ms)
				SetLoadedEditorAssemblies (0ms)
				RefreshPlugins (0ms)
				BeforeProcessingInitializeOnLoad (116ms)
				ProcessInitializeOnLoadAttributes (312ms)
				ProcessInitializeOnLoadMethodAttributes (4ms)
				AfterProcessingInitializeOnLoad (23ms)
				EditorAssembliesLoaded (0ms)
			ExecutionOrderSort2 (0ms)
			AwakeInstancesAfterBackupRestoration (7ms)
Platform modules already initialized, skipping
Refreshing native plugins compatible for Editor in 0.43 ms, found 2 plugins.
Preloading 0 native plugins for Editor in 0.00 ms.
Unloading 1554 Unused Serialized files (Serialized files now loaded: 0)
System memory in use before: 80.2 MB.
System memory in use after: 80.3 MB.

Unloading 14 unused Assets to reduce memory usage. Loaded Objects now: 2067.
Total: 2.434600 ms (FindLiveObjects: 0.150000 ms CreateObjectMapping: 0.056200 ms MarkObjects: 2.115800 ms  DeleteObjects: 0.111400 ms)

AssetImportParameters requested are different than current active one (requested -> active):
  custom:framework-win-MediaFoundation: 216162199b28c13a410421893ffa2e32 -> 
  custom:video-decoder-ogg-theora: a1e56fd34408186e4bbccfd4996cb3dc -> 
  custom:container-muxer-webm: aa71ff27fc2769a1b78a27578f13a17b -> 
  custom:container-demuxer-webm: 4f35f7cbe854078d1ac9338744f61a02 -> 
  custom:container-demuxer-ogg: 62fdf1f143b41e24485cea50d1cbac27 -> 
  custom:video-encoder-webm-vp8: eb34c28f22e8b96e1ab97ce403110664 -> 
  custom:video-decoder-webm-vp8: 9c59270c3fd7afecdb556c50c9e8de78 -> 
  custom:audio-decoder-ogg-vorbis: bf7c407c2cedff20999df2af8eb42d56 -> 
  custom:audio-encoder-webm-vorbis: bf7c407c2cedff20999df2af8eb42d56 -> 
========================================================================
Received Prepare
Registering precompiled user dll's ...
Registered in 0.009429 seconds.
Begin MonoManager ReloadAssembly
Native extension for WindowsStandalone target not found
Refreshing native plugins compatible for Editor in 0.42 ms, found 2 plugins.
Preloading 0 native plugins for Editor in 0.00 ms.
Mono: successfully reloaded assembly
- Completed reload, in  1.330 seconds
Domain Reload Profiling:
	ReloadAssembly (1331ms)
		BeginReloadAssembly (171ms)
			ExecutionOrderSort (0ms)
			DisableScriptedObjects (5ms)
			BackupInstance (0ms)
			ReleaseScriptingObjects (0ms)
			CreateAndSetChildDomain (43ms)
		EndReloadAssembly (1050ms)
			LoadAssemblies (142ms)
			RebuildTransferFunctionScriptingTraits (0ms)
			SetupTypeCache (309ms)
			ReleaseScriptCaches (1ms)
			RebuildScriptCaches (44ms)
			SetupLoadedEditorAssemblies (470ms)
				LogAssemblyErrors (0ms)
				InitializePlatformSupportModulesInManaged (6ms)
				SetLoadedEditorAssemblies (1ms)
				RefreshPlugins (0ms)
				BeforeProcessingInitializeOnLoad (119ms)
				ProcessInitializeOnLoadAttributes (317ms)
				ProcessInitializeOnLoadMethodAttributes (4ms)
				AfterProcessingInitializeOnLoad (22ms)
				EditorAssembliesLoaded (0ms)
			ExecutionOrderSort2 (0ms)
			AwakeInstancesAfterBackupRestoration (7ms)
Platform modules already initialized, skipping
Refreshing native plugins compatible for Editor in 0.42 ms, found 2 plugins.
Preloading 0 native plugins for Editor in 0.00 ms.
Unloading 1554 Unused Serialized files (Serialized files now loaded: 0)
System memory in use before: 80.2 MB.
System memory in use after: 80.3 MB.

Unloading 14 unused Assets to reduce memory usage. Loaded Objects now: 2070.
Total: 2.931200 ms (FindLiveObjects: 0.190300 ms CreateObjectMapping: 0.102500 ms MarkObjects: 2.621300 ms  DeleteObjects: 0.016000 ms)

AssetImportParameters requested are different than current active one (requested -> active):
  custom:framework-win-MediaFoundation: 216162199b28c13a410421893ffa2e32 -> 
  custom:video-decoder-ogg-theora: a1e56fd34408186e4bbccfd4996cb3dc -> 
  custom:container-muxer-webm: aa71ff27fc2769a1b78a27578f13a17b -> 
  custom:container-demuxer-webm: 4f35f7cbe854078d1ac9338744f61a02 -> 
  custom:container-demuxer-ogg: 62fdf1f143b41e24485cea50d1cbac27 -> 
  custom:video-encoder-webm-vp8: eb34c28f22e8b96e1ab97ce403110664 -> 
  custom:video-decoder-webm-vp8: 9c59270c3fd7afecdb556c50c9e8de78 -> 
  custom:audio-decoder-ogg-vorbis: bf7c407c2cedff20999df2af8eb42d56 -> 
  custom:audio-encoder-webm-vorbis: bf7c407c2cedff20999df2af8eb42d56 -> 
========================================================================
Received Prepare
Registering precompiled user dll's ...
Registered in 0.019486 seconds.
Begin MonoManager ReloadAssembly
Native extension for WindowsStandalone target not found
Refreshing native plugins compatible for Editor in 0.45 ms, found 2 plugins.
Preloading 0 native plugins for Editor in 0.00 ms.
Mono: successfully reloaded assembly
- Completed reload, in  1.726 seconds
Domain Reload Profiling:
	ReloadAssembly (1727ms)
		BeginReloadAssembly (208ms)
			ExecutionOrderSort (0ms)
			DisableScriptedObjects (6ms)
			BackupInstance (0ms)
			ReleaseScriptingObjects (0ms)
			CreateAndSetChildDomain (44ms)
		EndReloadAssembly (1387ms)
			LoadAssemblies (185ms)
			RebuildTransferFunctionScriptingTraits (0ms)
			SetupTypeCache (445ms)
			ReleaseScriptCaches (1ms)
			RebuildScriptCaches (55ms)
			SetupLoadedEditorAssemblies (602ms)
				LogAssemblyErrors (0ms)
				InitializePlatformSupportModulesInManaged (8ms)
				SetLoadedEditorAssemblies (1ms)
				RefreshPlugins (1ms)
				BeforeProcessingInitializeOnLoad (147ms)
				ProcessInitializeOnLoadAttributes (403ms)
				ProcessInitializeOnLoadMethodAttributes (6ms)
				AfterProcessingInitializeOnLoad (37ms)
				EditorAssembliesLoaded (0ms)
			ExecutionOrderSort2 (0ms)
			AwakeInstancesAfterBackupRestoration (10ms)
Platform modules already initialized, skipping
Refreshing native plugins compatible for Editor in 0.41 ms, found 2 plugins.
Preloading 0 native plugins for Editor in 0.00 ms.
Unloading 1554 Unused Serialized files (Serialized files now loaded: 0)
System memory in use before: 80.2 MB.
System memory in use after: 80.3 MB.

Unloading 14 unused Assets to reduce memory usage. Loaded Objects now: 2073.
Total: 2.724800 ms (FindLiveObjects: 0.200100 ms CreateObjectMapping: 0.103000 ms MarkObjects: 2.402400 ms  DeleteObjects: 0.018200 ms)

AssetImportParameters requested are different than current active one (requested -> active):
  custom:framework-win-MediaFoundation: 216162199b28c13a410421893ffa2e32 -> 
  custom:video-decoder-ogg-theora: a1e56fd34408186e4bbccfd4996cb3dc -> 
  custom:container-muxer-webm: aa71ff27fc2769a1b78a27578f13a17b -> 
  custom:container-demuxer-webm: 4f35f7cbe854078d1ac9338744f61a02 -> 
  custom:container-demuxer-ogg: 62fdf1f143b41e24485cea50d1cbac27 -> 
  custom:video-encoder-webm-vp8: eb34c28f22e8b96e1ab97ce403110664 -> 
  custom:video-decoder-webm-vp8: 9c59270c3fd7afecdb556c50c9e8de78 -> 
  custom:audio-decoder-ogg-vorbis: bf7c407c2cedff20999df2af8eb42d56 -> 
  custom:audio-encoder-webm-vorbis: bf7c407c2cedff20999df2af8eb42d56 -> 
========================================================================
Received Import Request.
  Time since last request: 1752.545625 seconds.
  path: Assets/Resource/Prefab/Manager/InventoryManager.prefab
  artifactKey: Guid(5d24661852ef41744a531e541f06625c) Importer(815301076,1909f56bfc062723c751e8b465ee728b)
Start importing Assets/Resource/Prefab/Manager/InventoryManager.prefab using Guid(5d24661852ef41744a531e541f06625c) Importer(815301076,1909f56bfc062723c751e8b465ee728b)  -> (artifact id: 'd46b514f4590e2dc42eb19cde0acbcba') in 0.137050 seconds 
  Import took 0.141948 seconds .

========================================================================
Received Prepare
Registering precompiled user dll's ...
Registered in 0.011535 seconds.
Begin MonoManager ReloadAssembly
Native extension for WindowsStandalone target not found
Refreshing native plugins compatible for Editor in 0.42 ms, found 2 plugins.
Preloading 0 native plugins for Editor in 0.00 ms.
Mono: successfully reloaded assembly
- Completed reload, in  1.656 seconds
Domain Reload Profiling:
	ReloadAssembly (1656ms)
		BeginReloadAssembly (195ms)
			ExecutionOrderSort (0ms)
			DisableScriptedObjects (6ms)
			BackupInstance (0ms)
			ReleaseScriptingObjects (0ms)
			CreateAndSetChildDomain (48ms)
		EndReloadAssembly (1348ms)
			LoadAssemblies (179ms)
			RebuildTransferFunctionScriptingTraits (0ms)
			SetupTypeCache (403ms)
			ReleaseScriptCaches (1ms)
			RebuildScriptCaches (56ms)
			SetupLoadedEditorAssemblies (607ms)
				LogAssemblyErrors (0ms)
				InitializePlatformSupportModulesInManaged (9ms)
				SetLoadedEditorAssemblies (1ms)
				RefreshPlugins (1ms)
				BeforeProcessingInitializeOnLoad (148ms)
				ProcessInitializeOnLoadAttributes (416ms)
				ProcessInitializeOnLoadMethodAttributes (6ms)
				AfterProcessingInitializeOnLoad (27ms)
				EditorAssembliesLoaded (0ms)
			ExecutionOrderSort2 (0ms)
			AwakeInstancesAfterBackupRestoration (9ms)
Platform modules already initialized, skipping
Refreshing native plugins compatible for Editor in 0.54 ms, found 2 plugins.
Preloading 0 native plugins for Editor in 0.00 ms.
Unloading 1554 Unused Serialized files (Serialized files now loaded: 0)
System memory in use before: 80.2 MB.
System memory in use after: 80.3 MB.

Unloading 14 unused Assets to reduce memory usage. Loaded Objects now: 2076.
Total: 3.330200 ms (FindLiveObjects: 0.228600 ms CreateObjectMapping: 0.120000 ms MarkObjects: 2.956000 ms  DeleteObjects: 0.023900 ms)

AssetImportParameters requested are different than current active one (requested -> active):
  custom:framework-win-MediaFoundation: 216162199b28c13a410421893ffa2e32 -> 
  custom:video-decoder-ogg-theora: a1e56fd34408186e4bbccfd4996cb3dc -> 
  custom:container-muxer-webm: aa71ff27fc2769a1b78a27578f13a17b -> 
  custom:container-demuxer-webm: 4f35f7cbe854078d1ac9338744f61a02 -> 
  custom:container-demuxer-ogg: 62fdf1f143b41e24485cea50d1cbac27 -> 
  custom:video-encoder-webm-vp8: eb34c28f22e8b96e1ab97ce403110664 -> 
  custom:video-decoder-webm-vp8: 9c59270c3fd7afecdb556c50c9e8de78 -> 
  custom:audio-decoder-ogg-vorbis: bf7c407c2cedff20999df2af8eb42d56 -> 
  custom:audio-encoder-webm-vorbis: bf7c407c2cedff20999df2af8eb42d56 -> 
========================================================================
Received Prepare
Registering precompiled user dll's ...
Registered in 0.009294 seconds.
Begin MonoManager ReloadAssembly
Native extension for WindowsStandalone target not found
Refreshing native plugins compatible for Editor in 0.42 ms, found 2 plugins.
Preloading 0 native plugins for Editor in 0.00 ms.
Mono: successfully reloaded assembly
- Completed reload, in  1.351 seconds
Domain Reload Profiling:
	ReloadAssembly (1352ms)
		BeginReloadAssembly (174ms)
			ExecutionOrderSort (0ms)
			DisableScriptedObjects (5ms)
			BackupInstance (0ms)
			ReleaseScriptingObjects (0ms)
			CreateAndSetChildDomain (42ms)
		EndReloadAssembly (1065ms)
			LoadAssemblies (157ms)
			RebuildTransferFunctionScriptingTraits (0ms)
			SetupTypeCache (308ms)
			ReleaseScriptCaches (1ms)
			RebuildScriptCaches (42ms)
			SetupLoadedEditorAssemblies (475ms)
				LogAssemblyErrors (0ms)
				InitializePlatformSupportModulesInManaged (6ms)
				SetLoadedEditorAssemblies (0ms)
				RefreshPlugins (0ms)
				BeforeProcessingInitializeOnLoad (117ms)
				ProcessInitializeOnLoadAttributes (323ms)
				ProcessInitializeOnLoadMethodAttributes (4ms)
				AfterProcessingInitializeOnLoad (23ms)
				EditorAssembliesLoaded (0ms)
			ExecutionOrderSort2 (0ms)
			AwakeInstancesAfterBackupRestoration (7ms)
Platform modules already initialized, skipping
Refreshing native plugins compatible for Editor in 0.46 ms, found 2 plugins.
Preloading 0 native plugins for Editor in 0.00 ms.
Unloading 1554 Unused Serialized files (Serialized files now loaded: 0)
System memory in use before: 80.2 MB.
System memory in use after: 80.3 MB.

Unloading 14 unused Assets to reduce memory usage. Loaded Objects now: 2079.
Total: 2.669700 ms (FindLiveObjects: 0.208000 ms CreateObjectMapping: 0.109600 ms MarkObjects: 2.333100 ms  DeleteObjects: 0.017700 ms)

AssetImportParameters requested are different than current active one (requested -> active):
  custom:framework-win-MediaFoundation: 216162199b28c13a410421893ffa2e32 -> 
  custom:video-decoder-ogg-theora: a1e56fd34408186e4bbccfd4996cb3dc -> 
  custom:container-muxer-webm: aa71ff27fc2769a1b78a27578f13a17b -> 
  custom:container-demuxer-webm: 4f35f7cbe854078d1ac9338744f61a02 -> 
  custom:container-demuxer-ogg: 62fdf1f143b41e24485cea50d1cbac27 -> 
  custom:video-encoder-webm-vp8: eb34c28f22e8b96e1ab97ce403110664 -> 
  custom:video-decoder-webm-vp8: 9c59270c3fd7afecdb556c50c9e8de78 -> 
  custom:audio-decoder-ogg-vorbis: bf7c407c2cedff20999df2af8eb42d56 -> 
  custom:audio-encoder-webm-vorbis: bf7c407c2cedff20999df2af8eb42d56 -> 
========================================================================
Received Prepare
Registering precompiled user dll's ...
Registered in 0.010784 seconds.
Begin MonoManager ReloadAssembly
Native extension for WindowsStandalone target not found
Refreshing native plugins compatible for Editor in 0.49 ms, found 2 plugins.
Preloading 0 native plugins for Editor in 0.00 ms.
Mono: successfully reloaded assembly
- Completed reload, in  1.363 seconds
Domain Reload Profiling:
	ReloadAssembly (1363ms)
		BeginReloadAssembly (179ms)
			ExecutionOrderSort (0ms)
			DisableScriptedObjects (5ms)
			BackupInstance (0ms)
			ReleaseScriptingObjects (0ms)
			CreateAndSetChildDomain (41ms)
		EndReloadAssembly (1084ms)
			LoadAssemblies (150ms)
			RebuildTransferFunctionScriptingTraits (0ms)
			SetupTypeCache (330ms)
			ReleaseScriptCaches (1ms)
			RebuildScriptCaches (44ms)
			SetupLoadedEditorAssemblies (473ms)
				LogAssemblyErrors (0ms)
				InitializePlatformSupportModulesInManaged (6ms)
				SetLoadedEditorAssemblies (0ms)
				RefreshPlugins (1ms)
				BeforeProcessingInitializeOnLoad (118ms)
				ProcessInitializeOnLoadAttributes (321ms)
				ProcessInitializeOnLoadMethodAttributes (4ms)
				AfterProcessingInitializeOnLoad (22ms)
				EditorAssembliesLoaded (0ms)
			ExecutionOrderSort2 (0ms)
			AwakeInstancesAfterBackupRestoration (7ms)
Platform modules already initialized, skipping
Refreshing native plugins compatible for Editor in 0.41 ms, found 2 plugins.
Preloading 0 native plugins for Editor in 0.00 ms.
Unloading 1554 Unused Serialized files (Serialized files now loaded: 0)
System memory in use before: 80.2 MB.
System memory in use after: 80.3 MB.

Unloading 14 unused Assets to reduce memory usage. Loaded Objects now: 2082.
Total: 2.715900 ms (FindLiveObjects: 0.187100 ms CreateObjectMapping: 0.100200 ms MarkObjects: 2.409400 ms  DeleteObjects: 0.018100 ms)

AssetImportParameters requested are different than current active one (requested -> active):
  custom:framework-win-MediaFoundation: 216162199b28c13a410421893ffa2e32 -> 
  custom:video-decoder-ogg-theora: a1e56fd34408186e4bbccfd4996cb3dc -> 
  custom:container-muxer-webm: aa71ff27fc2769a1b78a27578f13a17b -> 
  custom:container-demuxer-webm: 4f35f7cbe854078d1ac9338744f61a02 -> 
  custom:container-demuxer-ogg: 62fdf1f143b41e24485cea50d1cbac27 -> 
  custom:video-encoder-webm-vp8: eb34c28f22e8b96e1ab97ce403110664 -> 
  custom:video-decoder-webm-vp8: 9c59270c3fd7afecdb556c50c9e8de78 -> 
  custom:audio-decoder-ogg-vorbis: bf7c407c2cedff20999df2af8eb42d56 -> 
  custom:audio-encoder-webm-vorbis: bf7c407c2cedff20999df2af8eb42d56 -> 
========================================================================
Received Prepare
Registering precompiled user dll's ...
Registered in 0.014040 seconds.
Begin MonoManager ReloadAssembly
Native extension for WindowsStandalone target not found
Refreshing native plugins compatible for Editor in 0.56 ms, found 2 plugins.
Preloading 0 native plugins for Editor in 0.00 ms.
Mono: successfully reloaded assembly
- Completed reload, in  1.352 seconds
Domain Reload Profiling:
	ReloadAssembly (1353ms)
		BeginReloadAssembly (163ms)
			ExecutionOrderSort (0ms)
			DisableScriptedObjects (5ms)
			BackupInstance (0ms)
			ReleaseScriptingObjects (0ms)
			CreateAndSetChildDomain (36ms)
		EndReloadAssembly (1096ms)
			LoadAssemblies (152ms)
			RebuildTransferFunctionScriptingTraits (0ms)
			SetupTypeCache (308ms)
			ReleaseScriptCaches (1ms)
			RebuildScriptCaches (43ms)
			SetupLoadedEditorAssemblies (503ms)
				LogAssemblyErrors (0ms)
				InitializePlatformSupportModulesInManaged (6ms)
				SetLoadedEditorAssemblies (0ms)
				RefreshPlugins (1ms)
				BeforeProcessingInitializeOnLoad (113ms)
				ProcessInitializeOnLoadAttributes (354ms)
				ProcessInitializeOnLoadMethodAttributes (4ms)
				AfterProcessingInitializeOnLoad (24ms)
				EditorAssembliesLoaded (0ms)
			ExecutionOrderSort2 (0ms)
			AwakeInstancesAfterBackupRestoration (7ms)
Platform modules already initialized, skipping
Refreshing native plugins compatible for Editor in 0.42 ms, found 2 plugins.
Preloading 0 native plugins for Editor in 0.00 ms.
Unloading 1554 Unused Serialized files (Serialized files now loaded: 0)
System memory in use before: 80.2 MB.
System memory in use after: 80.3 MB.

Unloading 14 unused Assets to reduce memory usage. Loaded Objects now: 2085.
Total: 2.267100 ms (FindLiveObjects: 0.177500 ms CreateObjectMapping: 0.061400 ms MarkObjects: 2.007800 ms  DeleteObjects: 0.019100 ms)

AssetImportParameters requested are different than current active one (requested -> active):
  custom:framework-win-MediaFoundation: 216162199b28c13a410421893ffa2e32 -> 
  custom:video-decoder-ogg-theora: a1e56fd34408186e4bbccfd4996cb3dc -> 
  custom:container-muxer-webm: aa71ff27fc2769a1b78a27578f13a17b -> 
  custom:container-demuxer-webm: 4f35f7cbe854078d1ac9338744f61a02 -> 
  custom:container-demuxer-ogg: 62fdf1f143b41e24485cea50d1cbac27 -> 
  custom:video-encoder-webm-vp8: eb34c28f22e8b96e1ab97ce403110664 -> 
  custom:video-decoder-webm-vp8: 9c59270c3fd7afecdb556c50c9e8de78 -> 
  custom:audio-decoder-ogg-vorbis: bf7c407c2cedff20999df2af8eb42d56 -> 
  custom:audio-encoder-webm-vorbis: bf7c407c2cedff20999df2af8eb42d56 -> 
========================================================================
Received Prepare
Registering precompiled user dll's ...
Registered in 0.009496 seconds.
Begin MonoManager ReloadAssembly
Native extension for WindowsStandalone target not found
Refreshing native plugins compatible for Editor in 0.72 ms, found 2 plugins.
Preloading 0 native plugins for Editor in 0.00 ms.
Mono: successfully reloaded assembly
- Completed reload, in  1.332 seconds
Domain Reload Profiling:
	ReloadAssembly (1332ms)
		BeginReloadAssembly (165ms)
			ExecutionOrderSort (0ms)
			DisableScriptedObjects (5ms)
			BackupInstance (0ms)
			ReleaseScriptingObjects (0ms)
			CreateAndSetChildDomain (33ms)
		EndReloadAssembly (1075ms)
			LoadAssemblies (141ms)
			RebuildTransferFunctionScriptingTraits (0ms)
			SetupTypeCache (323ms)
			ReleaseScriptCaches (1ms)
			RebuildScriptCaches (45ms)
			SetupLoadedEditorAssemblies (479ms)
				LogAssemblyErrors (0ms)
				InitializePlatformSupportModulesInManaged (6ms)
				SetLoadedEditorAssemblies (0ms)
				RefreshPlugins (1ms)
				BeforeProcessingInitializeOnLoad (117ms)
				ProcessInitializeOnLoadAttributes (327ms)
				ProcessInitializeOnLoadMethodAttributes (4ms)
				AfterProcessingInitializeOnLoad (23ms)
				EditorAssembliesLoaded (0ms)
			ExecutionOrderSort2 (0ms)
			AwakeInstancesAfterBackupRestoration (9ms)
Platform modules already initialized, skipping
Refreshing native plugins compatible for Editor in 0.40 ms, found 2 plugins.
Preloading 0 native plugins for Editor in 0.00 ms.
Unloading 1554 Unused Serialized files (Serialized files now loaded: 0)
System memory in use before: 80.2 MB.
System memory in use after: 80.3 MB.

Unloading 14 unused Assets to reduce memory usage. Loaded Objects now: 2088.
Total: 2.435200 ms (FindLiveObjects: 0.150400 ms CreateObjectMapping: 0.055700 ms MarkObjects: 2.193400 ms  DeleteObjects: 0.034800 ms)

AssetImportParameters requested are different than current active one (requested -> active):
  custom:framework-win-MediaFoundation: 216162199b28c13a410421893ffa2e32 -> 
  custom:video-decoder-ogg-theora: a1e56fd34408186e4bbccfd4996cb3dc -> 
  custom:container-muxer-webm: aa71ff27fc2769a1b78a27578f13a17b -> 
  custom:container-demuxer-webm: 4f35f7cbe854078d1ac9338744f61a02 -> 
  custom:container-demuxer-ogg: 62fdf1f143b41e24485cea50d1cbac27 -> 
  custom:video-encoder-webm-vp8: eb34c28f22e8b96e1ab97ce403110664 -> 
  custom:video-decoder-webm-vp8: 9c59270c3fd7afecdb556c50c9e8de78 -> 
  custom:audio-decoder-ogg-vorbis: bf7c407c2cedff20999df2af8eb42d56 -> 
  custom:audio-encoder-webm-vorbis: bf7c407c2cedff20999df2af8eb42d56 -> 
========================================================================
Received Prepare
Registering precompiled user dll's ...
Registered in 0.009421 seconds.
Begin MonoManager ReloadAssembly
Native extension for WindowsStandalone target not found
Refreshing native plugins compatible for Editor in 0.58 ms, found 2 plugins.
Preloading 0 native plugins for Editor in 0.00 ms.
Mono: successfully reloaded assembly
- Completed reload, in  1.352 seconds
Domain Reload Profiling:
	ReloadAssembly (1353ms)
		BeginReloadAssembly (184ms)
			ExecutionOrderSort (0ms)
			DisableScriptedObjects (5ms)
			BackupInstance (0ms)
			ReleaseScriptingObjects (0ms)
			CreateAndSetChildDomain (39ms)
		EndReloadAssembly (1064ms)
			LoadAssemblies (154ms)
			RebuildTransferFunctionScriptingTraits (0ms)
			SetupTypeCache (313ms)
			ReleaseScriptCaches (1ms)
			RebuildScriptCaches (43ms)
			SetupLoadedEditorAssemblies (474ms)
				LogAssemblyErrors (0ms)
				InitializePlatformSupportModulesInManaged (6ms)
				SetLoadedEditorAssemblies (0ms)
				RefreshPlugins (1ms)
				BeforeProcessingInitializeOnLoad (114ms)
				ProcessInitializeOnLoadAttributes (325ms)
				ProcessInitializeOnLoadMethodAttributes (4ms)
				AfterProcessingInitializeOnLoad (23ms)
				EditorAssembliesLoaded (0ms)
			ExecutionOrderSort2 (0ms)
			AwakeInstancesAfterBackupRestoration (7ms)
Platform modules already initialized, skipping
Refreshing native plugins compatible for Editor in 0.41 ms, found 2 plugins.
Preloading 0 native plugins for Editor in 0.00 ms.
Unloading 1554 Unused Serialized files (Serialized files now loaded: 0)
System memory in use before: 80.2 MB.
System memory in use after: 80.3 MB.

Unloading 14 unused Assets to reduce memory usage. Loaded Objects now: 2091.
Total: 2.834100 ms (FindLiveObjects: 0.198000 ms CreateObjectMapping: 0.110300 ms MarkObjects: 2.506100 ms  DeleteObjects: 0.018500 ms)

AssetImportParameters requested are different than current active one (requested -> active):
  custom:framework-win-MediaFoundation: 216162199b28c13a410421893ffa2e32 -> 
  custom:video-decoder-ogg-theora: a1e56fd34408186e4bbccfd4996cb3dc -> 
  custom:container-muxer-webm: aa71ff27fc2769a1b78a27578f13a17b -> 
  custom:container-demuxer-webm: 4f35f7cbe854078d1ac9338744f61a02 -> 
  custom:container-demuxer-ogg: 62fdf1f143b41e24485cea50d1cbac27 -> 
  custom:video-encoder-webm-vp8: eb34c28f22e8b96e1ab97ce403110664 -> 
  custom:video-decoder-webm-vp8: 9c59270c3fd7afecdb556c50c9e8de78 -> 
  custom:audio-decoder-ogg-vorbis: bf7c407c2cedff20999df2af8eb42d56 -> 
  custom:audio-encoder-webm-vorbis: bf7c407c2cedff20999df2af8eb42d56 -> 
========================================================================
Received Prepare
Registering precompiled user dll's ...
Registered in 0.017304 seconds.
Begin MonoManager ReloadAssembly
Native extension for WindowsStandalone target not found
Refreshing native plugins compatible for Editor in 0.38 ms, found 2 plugins.
Preloading 0 native plugins for Editor in 0.00 ms.
Mono: successfully reloaded assembly
- Completed reload, in  1.325 seconds
Domain Reload Profiling:
	ReloadAssembly (1325ms)
		BeginReloadAssembly (165ms)
			ExecutionOrderSort (0ms)
			DisableScriptedObjects (5ms)
			BackupInstance (0ms)
			ReleaseScriptingObjects (0ms)
			CreateAndSetChildDomain (41ms)
		EndReloadAssembly (1055ms)
			LoadAssemblies (147ms)
			RebuildTransferFunctionScriptingTraits (0ms)
			SetupTypeCache (315ms)
			ReleaseScriptCaches (1ms)
			RebuildScriptCaches (44ms)
			SetupLoadedEditorAssemblies (464ms)
				LogAssemblyErrors (0ms)
				InitializePlatformSupportModulesInManaged (6ms)
				SetLoadedEditorAssemblies (0ms)
				RefreshPlugins (0ms)
				BeforeProcessingInitializeOnLoad (114ms)
				ProcessInitializeOnLoadAttributes (317ms)
				ProcessInitializeOnLoadMethodAttributes (4ms)
				AfterProcessingInitializeOnLoad (22ms)
				EditorAssembliesLoaded (0ms)
			ExecutionOrderSort2 (0ms)
			AwakeInstancesAfterBackupRestoration (7ms)
Platform modules already initialized, skipping
Refreshing native plugins compatible for Editor in 0.42 ms, found 2 plugins.
Preloading 0 native plugins for Editor in 0.00 ms.
Unloading 1554 Unused Serialized files (Serialized files now loaded: 0)
System memory in use before: 80.2 MB.
System memory in use after: 80.3 MB.

Unloading 14 unused Assets to reduce memory usage. Loaded Objects now: 2094.
Total: 2.430400 ms (FindLiveObjects: 0.170900 ms CreateObjectMapping: 0.059200 ms MarkObjects: 2.179200 ms  DeleteObjects: 0.019500 ms)

AssetImportParameters requested are different than current active one (requested -> active):
  custom:framework-win-MediaFoundation: 216162199b28c13a410421893ffa2e32 -> 
  custom:video-decoder-ogg-theora: a1e56fd34408186e4bbccfd4996cb3dc -> 
  custom:container-muxer-webm: aa71ff27fc2769a1b78a27578f13a17b -> 
  custom:container-demuxer-webm: 4f35f7cbe854078d1ac9338744f61a02 -> 
  custom:container-demuxer-ogg: 62fdf1f143b41e24485cea50d1cbac27 -> 
  custom:video-encoder-webm-vp8: eb34c28f22e8b96e1ab97ce403110664 -> 
  custom:video-decoder-webm-vp8: 9c59270c3fd7afecdb556c50c9e8de78 -> 
  custom:audio-decoder-ogg-vorbis: bf7c407c2cedff20999df2af8eb42d56 -> 
  custom:audio-encoder-webm-vorbis: bf7c407c2cedff20999df2af8eb42d56 -> 
========================================================================
Received Prepare
Registering precompiled user dll's ...
Registered in 0.011358 seconds.
Begin MonoManager ReloadAssembly
Native extension for WindowsStandalone target not found
Refreshing native plugins compatible for Editor in 0.39 ms, found 2 plugins.
Preloading 0 native plugins for Editor in 0.00 ms.
Mono: successfully reloaded assembly
- Completed reload, in  1.394 seconds
Domain Reload Profiling:
	ReloadAssembly (1395ms)
		BeginReloadAssembly (189ms)
			ExecutionOrderSort (0ms)
			DisableScriptedObjects (5ms)
			BackupInstance (0ms)
			ReleaseScriptingObjects (0ms)
			CreateAndSetChildDomain (52ms)
		EndReloadAssembly (1071ms)
			LoadAssemblies (150ms)
			RebuildTransferFunctionScriptingTraits (0ms)
			SetupTypeCache (309ms)
			ReleaseScriptCaches (1ms)
			RebuildScriptCaches (42ms)
			SetupLoadedEditorAssemblies (494ms)
				LogAssemblyErrors (0ms)
				InitializePlatformSupportModulesInManaged (6ms)
				SetLoadedEditorAssemblies (0ms)
				RefreshPlugins (0ms)
				BeforeProcessingInitializeOnLoad (128ms)
				ProcessInitializeOnLoadAttributes (330ms)
				ProcessInitializeOnLoadMethodAttributes (4ms)
				AfterProcessingInitializeOnLoad (24ms)
				EditorAssembliesLoaded (0ms)
			ExecutionOrderSort2 (0ms)
			AwakeInstancesAfterBackupRestoration (7ms)
Platform modules already initialized, skipping
Refreshing native plugins compatible for Editor in 0.49 ms, found 2 plugins.
Preloading 0 native plugins for Editor in 0.00 ms.
Unloading 1554 Unused Serialized files (Serialized files now loaded: 0)
System memory in use before: 80.2 MB.
System memory in use after: 80.3 MB.

Unloading 14 unused Assets to reduce memory usage. Loaded Objects now: 2097.
Total: 2.859400 ms (FindLiveObjects: 0.361200 ms CreateObjectMapping: 0.105900 ms MarkObjects: 2.362300 ms  DeleteObjects: 0.028300 ms)

AssetImportParameters requested are different than current active one (requested -> active):
  custom:framework-win-MediaFoundation: 216162199b28c13a410421893ffa2e32 -> 
  custom:video-decoder-ogg-theora: a1e56fd34408186e4bbccfd4996cb3dc -> 
  custom:container-muxer-webm: aa71ff27fc2769a1b78a27578f13a17b -> 
  custom:container-demuxer-webm: 4f35f7cbe854078d1ac9338744f61a02 -> 
  custom:container-demuxer-ogg: 62fdf1f143b41e24485cea50d1cbac27 -> 
  custom:video-encoder-webm-vp8: eb34c28f22e8b96e1ab97ce403110664 -> 
  custom:video-decoder-webm-vp8: 9c59270c3fd7afecdb556c50c9e8de78 -> 
  custom:audio-decoder-ogg-vorbis: bf7c407c2cedff20999df2af8eb42d56 -> 
  custom:audio-encoder-webm-vorbis: bf7c407c2cedff20999df2af8eb42d56 -> 
========================================================================
Received Prepare
Registering precompiled user dll's ...
Registered in 0.010073 seconds.
Begin MonoManager ReloadAssembly
Native extension for WindowsStandalone target not found
Refreshing native plugins compatible for Editor in 0.39 ms, found 2 plugins.
Preloading 0 native plugins for Editor in 0.00 ms.
Mono: successfully reloaded assembly
- Completed reload, in  1.355 seconds
Domain Reload Profiling:
	ReloadAssembly (1356ms)
		BeginReloadAssembly (167ms)
			ExecutionOrderSort (0ms)
			DisableScriptedObjects (13ms)
			BackupInstance (0ms)
			ReleaseScriptingObjects (0ms)
			CreateAndSetChildDomain (33ms)
		EndReloadAssembly (1095ms)
			LoadAssemblies (154ms)
			RebuildTransferFunctionScriptingTraits (0ms)
			SetupTypeCache (306ms)
			ReleaseScriptCaches (1ms)
			RebuildScriptCaches (42ms)
			SetupLoadedEditorAssemblies (525ms)
				LogAssemblyErrors (0ms)
				InitializePlatformSupportModulesInManaged (6ms)
				SetLoadedEditorAssemblies (1ms)
				RefreshPlugins (0ms)
				BeforeProcessingInitializeOnLoad (110ms)
				ProcessInitializeOnLoadAttributes (379ms)
				ProcessInitializeOnLoadMethodAttributes (4ms)
				AfterProcessingInitializeOnLoad (23ms)
				EditorAssembliesLoaded (0ms)
			ExecutionOrderSort2 (0ms)
			AwakeInstancesAfterBackupRestoration (7ms)
Platform modules already initialized, skipping
Refreshing native plugins compatible for Editor in 0.42 ms, found 2 plugins.
Preloading 0 native plugins for Editor in 0.00 ms.
Unloading 1554 Unused Serialized files (Serialized files now loaded: 0)
System memory in use before: 80.2 MB.
System memory in use after: 80.4 MB.

Unloading 14 unused Assets to reduce memory usage. Loaded Objects now: 2100.
Total: 2.312200 ms (FindLiveObjects: 0.179000 ms CreateObjectMapping: 0.056900 ms MarkObjects: 2.057500 ms  DeleteObjects: 0.017500 ms)

AssetImportParameters requested are different than current active one (requested -> active):
  custom:framework-win-MediaFoundation: 216162199b28c13a410421893ffa2e32 -> 
  custom:video-decoder-ogg-theora: a1e56fd34408186e4bbccfd4996cb3dc -> 
  custom:container-muxer-webm: aa71ff27fc2769a1b78a27578f13a17b -> 
  custom:container-demuxer-webm: 4f35f7cbe854078d1ac9338744f61a02 -> 
  custom:container-demuxer-ogg: 62fdf1f143b41e24485cea50d1cbac27 -> 
  custom:video-encoder-webm-vp8: eb34c28f22e8b96e1ab97ce403110664 -> 
  custom:video-decoder-webm-vp8: 9c59270c3fd7afecdb556c50c9e8de78 -> 
  custom:audio-decoder-ogg-vorbis: bf7c407c2cedff20999df2af8eb42d56 -> 
  custom:audio-encoder-webm-vorbis: bf7c407c2cedff20999df2af8eb42d56 -> 
AssetImportWorkerClient::OnTransportError - code=2 error=End of file
